2024-12-31 09:06:58,717 - __main__ - INFO - Application starting...
2024-12-31 09:06:58,721 - __main__ - INFO - Redis connection successful
2024-12-31 09:06:58,766 - __main__ - INFO - Starting Flask application...
2024-12-31 09:07:17,363 - __main__ - INFO - Rendering login page
2024-12-31 09:07:17,425 - __main__ - INFO - Generating new captcha
2024-12-31 09:07:17,426 - __main__ - DEBUG - Generated captcha text: N9KH
2024-12-31 09:07:17,427 - __main__ - DEBUG - Stored captcha_id in session: cf75027b-05d9-46fa-8396-c56dec1d6aa3
2024-12-31 09:07:17,458 - __main__ - INFO - Captcha generated successfully
2024-12-31 09:07:22,625 - __main__ - INFO - Rendering login page
2024-12-31 09:07:22,653 - __main__ - INFO - Generating new captcha
2024-12-31 09:07:22,654 - __main__ - DEBUG - Generated captcha text: CVR5
2024-12-31 09:07:22,655 - __main__ - DEBUG - Stored captcha_id in session: cb7d64ae-5492-41bd-9214-5030d286ab6c
2024-12-31 09:07:22,663 - __main__ - INFO - Captcha generated successfully
2024-12-31 09:07:24,204 - __main__ - INFO - Generating QR code
2024-12-31 09:07:24,215 - __main__ - INFO - QR code generated successfully
2024-12-31 09:07:26,222 - __main__ - INFO - Checking QR code status: 2c6c2f97-215b-435a-9a0d-8f0c6be69795
2024-12-31 09:07:26,383 - __main__ - INFO - Generating QR code
2024-12-31 09:07:26,394 - __main__ - INFO - QR code generated successfully
2024-12-31 09:07:28,222 - __main__ - INFO - Checking QR code status: 2c6c2f97-215b-435a-9a0d-8f0c6be69795
2024-12-31 09:07:28,402 - __main__ - INFO - Checking QR code status: c73e7be0-51b3-4cad-9a85-e29a76296eb9
2024-12-31 09:07:30,223 - __main__ - INFO - Checking QR code status: 2c6c2f97-215b-435a-9a0d-8f0c6be69795
2024-12-31 09:07:30,406 - __main__ - INFO - Checking QR code status: c73e7be0-51b3-4cad-9a85-e29a76296eb9
2024-12-31 09:07:32,223 - __main__ - INFO - Checking QR code status: 2c6c2f97-215b-435a-9a0d-8f0c6be69795
2024-12-31 09:07:32,416 - __main__ - INFO - Checking QR code status: c73e7be0-51b3-4cad-9a85-e29a76296eb9
2024-12-31 09:07:34,222 - __main__ - INFO - Checking QR code status: 2c6c2f97-215b-435a-9a0d-8f0c6be69795
2024-12-31 09:07:34,403 - __main__ - INFO - Checking QR code status: c73e7be0-51b3-4cad-9a85-e29a76296eb9
2024-12-31 09:07:36,222 - __main__ - INFO - Checking QR code status: 2c6c2f97-215b-435a-9a0d-8f0c6be69795
2024-12-31 09:07:36,403 - __main__ - INFO - Checking QR code status: c73e7be0-51b3-4cad-9a85-e29a76296eb9
2024-12-31 09:07:38,226 - __main__ - INFO - Checking QR code status: 2c6c2f97-215b-435a-9a0d-8f0c6be69795
2024-12-31 09:07:38,410 - __main__ - INFO - Checking QR code status: c73e7be0-51b3-4cad-9a85-e29a76296eb9
2024-12-31 09:07:39,682 - __main__ - INFO - Generating QR code
2024-12-31 09:07:39,695 - __main__ - INFO - QR code generated successfully
2024-12-31 09:07:40,229 - __main__ - INFO - Checking QR code status: 2c6c2f97-215b-435a-9a0d-8f0c6be69795
2024-12-31 09:07:40,414 - __main__ - INFO - Checking QR code status: c73e7be0-51b3-4cad-9a85-e29a76296eb9
2024-12-31 09:07:41,716 - __main__ - INFO - Checking QR code status: 9c2712f0-a9fa-4766-8849-076cca6f652a
2024-12-31 09:07:42,238 - __main__ - INFO - Checking QR code status: 2c6c2f97-215b-435a-9a0d-8f0c6be69795
2024-12-31 09:07:42,413 - __main__ - INFO - Checking QR code status: c73e7be0-51b3-4cad-9a85-e29a76296eb9
2024-12-31 09:07:43,319 - __main__ - INFO - Generating QR code
2024-12-31 09:07:43,330 - __main__ - INFO - QR code generated successfully
2024-12-31 09:07:43,718 - __main__ - INFO - Checking QR code status: 9c2712f0-a9fa-4766-8849-076cca6f652a
2024-12-31 09:07:44,226 - __main__ - INFO - Checking QR code status: 2c6c2f97-215b-435a-9a0d-8f0c6be69795
2024-12-31 09:07:44,409 - __main__ - INFO - Checking QR code status: c73e7be0-51b3-4cad-9a85-e29a76296eb9
2024-12-31 09:07:45,343 - __main__ - INFO - Checking QR code status: 87bcbc26-5f71-4ea6-b46a-550015f9119e
2024-12-31 09:07:45,711 - __main__ - INFO - Checking QR code status: 9c2712f0-a9fa-4766-8849-076cca6f652a
2024-12-31 09:07:46,231 - __main__ - INFO - Checking QR code status: 2c6c2f97-215b-435a-9a0d-8f0c6be69795
2024-12-31 09:07:46,415 - __main__ - INFO - Checking QR code status: c73e7be0-51b3-4cad-9a85-e29a76296eb9
2024-12-31 09:07:47,350 - __main__ - INFO - Checking QR code status: 87bcbc26-5f71-4ea6-b46a-550015f9119e
2024-12-31 09:07:47,702 - __main__ - INFO - Checking QR code status: 9c2712f0-a9fa-4766-8849-076cca6f652a
2024-12-31 09:07:48,236 - __main__ - INFO - Checking QR code status: 2c6c2f97-215b-435a-9a0d-8f0c6be69795
2024-12-31 09:07:48,413 - __main__ - INFO - Checking QR code status: c73e7be0-51b3-4cad-9a85-e29a76296eb9
2024-12-31 09:07:49,347 - __main__ - INFO - Checking QR code status: 87bcbc26-5f71-4ea6-b46a-550015f9119e
2024-12-31 09:07:49,704 - __main__ - INFO - Checking QR code status: 9c2712f0-a9fa-4766-8849-076cca6f652a
2024-12-31 09:07:50,226 - __main__ - INFO - Checking QR code status: 2c6c2f97-215b-435a-9a0d-8f0c6be69795
2024-12-31 09:07:50,403 - __main__ - INFO - Checking QR code status: c73e7be0-51b3-4cad-9a85-e29a76296eb9
2024-12-31 09:07:51,347 - __main__ - INFO - Checking QR code status: 87bcbc26-5f71-4ea6-b46a-550015f9119e
2024-12-31 09:07:51,714 - __main__ - INFO - Checking QR code status: 9c2712f0-a9fa-4766-8849-076cca6f652a
2024-12-31 09:07:52,222 - __main__ - INFO - Checking QR code status: 2c6c2f97-215b-435a-9a0d-8f0c6be69795
2024-12-31 09:07:52,414 - __main__ - INFO - Checking QR code status: c73e7be0-51b3-4cad-9a85-e29a76296eb9
2024-12-31 09:07:53,340 - __main__ - INFO - Checking QR code status: 87bcbc26-5f71-4ea6-b46a-550015f9119e
2024-12-31 09:07:53,710 - __main__ - INFO - Checking QR code status: 9c2712f0-a9fa-4766-8849-076cca6f652a
2024-12-31 09:07:53,807 - __main__ - ERROR - Login failed: 'str' object has no attribute 'decode'
2024-12-31 09:07:53,809 - __main__ - ERROR - Traceback (most recent call last):
  File "D:\cursortest\test1\app.py", line 141, in login
    if not stored_captcha or stored_captcha.decode().lower() != data.get('verificationCode', '').lower():
                             ^^^^^^^^^^^^^^^^^^^^^
AttributeError: 'str' object has no attribute 'decode'. Did you mean: 'encode'?

2024-12-31 09:07:55,779 - __main__ - INFO - Checking QR code status: 2c6c2f97-215b-435a-9a0d-8f0c6be69795
2024-12-31 09:07:55,780 - __main__ - INFO - Checking QR code status: c73e7be0-51b3-4cad-9a85-e29a76296eb9
2024-12-31 09:07:55,784 - __main__ - INFO - Checking QR code status: 87bcbc26-5f71-4ea6-b46a-550015f9119e
2024-12-31 09:07:55,785 - __main__ - INFO - Checking QR code status: 9c2712f0-a9fa-4766-8849-076cca6f652a
2024-12-31 09:07:56,232 - __main__ - INFO - Checking QR code status: 2c6c2f97-215b-435a-9a0d-8f0c6be69795
2024-12-31 09:07:56,406 - __main__ - INFO - Checking QR code status: c73e7be0-51b3-4cad-9a85-e29a76296eb9
2024-12-31 09:07:57,343 - __main__ - INFO - Checking QR code status: 87bcbc26-5f71-4ea6-b46a-550015f9119e
2024-12-31 09:07:57,707 - __main__ - INFO - Checking QR code status: 9c2712f0-a9fa-4766-8849-076cca6f652a
2024-12-31 09:07:58,227 - __main__ - INFO - Checking QR code status: 2c6c2f97-215b-435a-9a0d-8f0c6be69795
2024-12-31 09:07:58,415 - __main__ - INFO - Checking QR code status: c73e7be0-51b3-4cad-9a85-e29a76296eb9
2024-12-31 09:07:59,348 - __main__ - INFO - Checking QR code status: 87bcbc26-5f71-4ea6-b46a-550015f9119e
2024-12-31 09:07:59,712 - __main__ - INFO - Checking QR code status: 9c2712f0-a9fa-4766-8849-076cca6f652a
2024-12-31 09:08:00,226 - __main__ - INFO - Checking QR code status: 2c6c2f97-215b-435a-9a0d-8f0c6be69795
2024-12-31 09:08:00,406 - __main__ - INFO - Checking QR code status: c73e7be0-51b3-4cad-9a85-e29a76296eb9
2024-12-31 09:08:01,354 - __main__ - INFO - Checking QR code status: 87bcbc26-5f71-4ea6-b46a-550015f9119e
2024-12-31 09:08:01,712 - __main__ - INFO - Checking QR code status: 9c2712f0-a9fa-4766-8849-076cca6f652a
2024-12-31 09:08:01,987 - __main__ - INFO - Generating QR code
2024-12-31 09:08:01,999 - __main__ - INFO - QR code generated successfully
2024-12-31 09:08:02,228 - __main__ - INFO - Checking QR code status: 2c6c2f97-215b-435a-9a0d-8f0c6be69795
2024-12-31 09:08:02,417 - __main__ - INFO - Checking QR code status: c73e7be0-51b3-4cad-9a85-e29a76296eb9
2024-12-31 09:08:03,353 - __main__ - INFO - Checking QR code status: 87bcbc26-5f71-4ea6-b46a-550015f9119e
2024-12-31 09:08:03,718 - __main__ - INFO - Checking QR code status: 9c2712f0-a9fa-4766-8849-076cca6f652a
2024-12-31 09:08:04,019 - __main__ - INFO - Checking QR code status: 9086c76f-035a-45a3-bfdb-bd016becaef3
2024-12-31 09:08:04,238 - __main__ - INFO - Checking QR code status: 2c6c2f97-215b-435a-9a0d-8f0c6be69795
2024-12-31 09:08:04,411 - __main__ - INFO - Checking QR code status: c73e7be0-51b3-4cad-9a85-e29a76296eb9
2024-12-31 09:08:05,350 - __main__ - INFO - Checking QR code status: 87bcbc26-5f71-4ea6-b46a-550015f9119e
2024-12-31 09:08:05,721 - __main__ - INFO - Checking QR code status: 9c2712f0-a9fa-4766-8849-076cca6f652a
2024-12-31 09:08:06,014 - __main__ - INFO - Checking QR code status: 9086c76f-035a-45a3-bfdb-bd016becaef3
2024-12-31 09:08:06,226 - __main__ - INFO - Checking QR code status: 2c6c2f97-215b-435a-9a0d-8f0c6be69795
2024-12-31 09:08:06,401 - __main__ - INFO - Checking QR code status: c73e7be0-51b3-4cad-9a85-e29a76296eb9
2024-12-31 09:08:07,348 - __main__ - INFO - Checking QR code status: 87bcbc26-5f71-4ea6-b46a-550015f9119e
2024-12-31 09:08:07,706 - __main__ - INFO - Checking QR code status: 9c2712f0-a9fa-4766-8849-076cca6f652a
2024-12-31 09:08:08,011 - __main__ - INFO - Checking QR code status: 9086c76f-035a-45a3-bfdb-bd016becaef3
2024-12-31 09:08:08,226 - __main__ - INFO - Checking QR code status: 2c6c2f97-215b-435a-9a0d-8f0c6be69795
2024-12-31 09:08:08,405 - __main__ - INFO - Checking QR code status: c73e7be0-51b3-4cad-9a85-e29a76296eb9
2024-12-31 09:08:09,347 - __main__ - INFO - Checking QR code status: 87bcbc26-5f71-4ea6-b46a-550015f9119e
2024-12-31 09:08:09,706 - __main__ - INFO - Checking QR code status: 9c2712f0-a9fa-4766-8849-076cca6f652a
2024-12-31 09:08:10,004 - __main__ - INFO - Checking QR code status: 9086c76f-035a-45a3-bfdb-bd016becaef3
2024-12-31 09:08:10,234 - __main__ - INFO - Checking QR code status: 2c6c2f97-215b-435a-9a0d-8f0c6be69795
2024-12-31 09:08:10,408 - __main__ - INFO - Checking QR code status: c73e7be0-51b3-4cad-9a85-e29a76296eb9
2024-12-31 09:08:11,895 - __main__ - INFO - Checking QR code status: 87bcbc26-5f71-4ea6-b46a-550015f9119e
2024-12-31 09:08:11,897 - __main__ - INFO - Checking QR code status: 9c2712f0-a9fa-4766-8849-076cca6f652a
2024-12-31 09:08:12,897 - __main__ - INFO - Checking QR code status: 9086c76f-035a-45a3-bfdb-bd016becaef3
2024-12-31 09:08:12,898 - __main__ - INFO - Checking QR code status: 2c6c2f97-215b-435a-9a0d-8f0c6be69795
2024-12-31 09:08:12,900 - __main__ - INFO - Checking QR code status: c73e7be0-51b3-4cad-9a85-e29a76296eb9
2024-12-31 09:08:13,892 - __main__ - INFO - Checking QR code status: 87bcbc26-5f71-4ea6-b46a-550015f9119e
2024-12-31 09:08:13,895 - __main__ - INFO - Checking QR code status: 9c2712f0-a9fa-4766-8849-076cca6f652a
2024-12-31 09:08:14,891 - __main__ - INFO - Checking QR code status: 9086c76f-035a-45a3-bfdb-bd016becaef3
2024-12-31 09:08:14,894 - __main__ - INFO - Checking QR code status: 2c6c2f97-215b-435a-9a0d-8f0c6be69795
2024-12-31 09:08:14,897 - __main__ - INFO - Checking QR code status: c73e7be0-51b3-4cad-9a85-e29a76296eb9
2024-12-31 09:08:15,884 - __main__ - INFO - Checking QR code status: 87bcbc26-5f71-4ea6-b46a-550015f9119e
2024-12-31 09:08:15,887 - __main__ - INFO - Checking QR code status: 9c2712f0-a9fa-4766-8849-076cca6f652a
2024-12-31 09:08:16,878 - __main__ - INFO - Checking QR code status: 9086c76f-035a-45a3-bfdb-bd016becaef3
2024-12-31 09:08:16,880 - __main__ - INFO - Checking QR code status: 2c6c2f97-215b-435a-9a0d-8f0c6be69795
2024-12-31 09:08:16,881 - __main__ - INFO - Checking QR code status: c73e7be0-51b3-4cad-9a85-e29a76296eb9
2024-12-31 09:08:17,352 - __main__ - INFO - Checking QR code status: 87bcbc26-5f71-4ea6-b46a-550015f9119e
2024-12-31 09:08:17,714 - __main__ - INFO - Checking QR code status: 9c2712f0-a9fa-4766-8849-076cca6f652a
2024-12-31 09:08:18,013 - __main__ - INFO - Checking QR code status: 9086c76f-035a-45a3-bfdb-bd016becaef3
2024-12-31 09:08:18,223 - __main__ - INFO - Checking QR code status: 2c6c2f97-215b-435a-9a0d-8f0c6be69795
2024-12-31 09:08:18,897 - __main__ - INFO - Checking QR code status: c73e7be0-51b3-4cad-9a85-e29a76296eb9
2024-12-31 09:08:19,884 - __main__ - INFO - Checking QR code status: 87bcbc26-5f71-4ea6-b46a-550015f9119e
2024-12-31 09:08:19,888 - __main__ - INFO - Checking QR code status: 9c2712f0-a9fa-4766-8849-076cca6f652a
2024-12-31 09:08:20,893 - __main__ - INFO - Checking QR code status: 9086c76f-035a-45a3-bfdb-bd016becaef3
2024-12-31 09:08:20,894 - __main__ - INFO - Checking QR code status: 2c6c2f97-215b-435a-9a0d-8f0c6be69795
2024-12-31 09:08:20,895 - __main__ - INFO - Checking QR code status: c73e7be0-51b3-4cad-9a85-e29a76296eb9
2024-12-31 09:08:21,885 - __main__ - INFO - Checking QR code status: 87bcbc26-5f71-4ea6-b46a-550015f9119e
2024-12-31 09:08:21,889 - __main__ - INFO - Checking QR code status: 9c2712f0-a9fa-4766-8849-076cca6f652a
2024-12-31 09:08:22,888 - __main__ - INFO - Checking QR code status: 9086c76f-035a-45a3-bfdb-bd016becaef3
2024-12-31 09:08:22,888 - __main__ - INFO - Checking QR code status: 2c6c2f97-215b-435a-9a0d-8f0c6be69795
2024-12-31 09:08:22,890 - __main__ - INFO - Checking QR code status: c73e7be0-51b3-4cad-9a85-e29a76296eb9
2024-12-31 09:08:23,879 - __main__ - INFO - Checking QR code status: 87bcbc26-5f71-4ea6-b46a-550015f9119e
2024-12-31 09:08:23,880 - __main__ - INFO - Checking QR code status: 9c2712f0-a9fa-4766-8849-076cca6f652a
2024-12-31 09:08:24,882 - __main__ - INFO - Checking QR code status: 9086c76f-035a-45a3-bfdb-bd016becaef3
2024-12-31 09:08:24,882 - __main__ - INFO - Checking QR code status: 2c6c2f97-215b-435a-9a0d-8f0c6be69795
2024-12-31 09:08:24,883 - __main__ - INFO - Checking QR code status: c73e7be0-51b3-4cad-9a85-e29a76296eb9
2024-12-31 09:08:25,881 - __main__ - INFO - Checking QR code status: 87bcbc26-5f71-4ea6-b46a-550015f9119e
2024-12-31 09:08:25,882 - __main__ - INFO - Checking QR code status: 9c2712f0-a9fa-4766-8849-076cca6f652a
2024-12-31 09:08:26,887 - __main__ - INFO - Checking QR code status: 9086c76f-035a-45a3-bfdb-bd016becaef3
2024-12-31 09:08:26,888 - __main__ - INFO - Checking QR code status: 2c6c2f97-215b-435a-9a0d-8f0c6be69795
2024-12-31 09:08:26,889 - __main__ - INFO - Checking QR code status: c73e7be0-51b3-4cad-9a85-e29a76296eb9
2024-12-31 09:08:27,893 - __main__ - INFO - Checking QR code status: 87bcbc26-5f71-4ea6-b46a-550015f9119e
2024-12-31 09:08:27,894 - __main__ - INFO - Checking QR code status: 9c2712f0-a9fa-4766-8849-076cca6f652a
2024-12-31 09:08:28,893 - __main__ - INFO - Checking QR code status: 9086c76f-035a-45a3-bfdb-bd016becaef3
2024-12-31 09:08:28,894 - __main__ - INFO - Checking QR code status: 2c6c2f97-215b-435a-9a0d-8f0c6be69795
2024-12-31 09:08:28,897 - __main__ - INFO - Checking QR code status: c73e7be0-51b3-4cad-9a85-e29a76296eb9
2024-12-31 09:08:29,896 - __main__ - INFO - Checking QR code status: 87bcbc26-5f71-4ea6-b46a-550015f9119e
2024-12-31 09:08:29,899 - __main__ - INFO - Checking QR code status: 9c2712f0-a9fa-4766-8849-076cca6f652a
2024-12-31 09:08:30,891 - __main__ - INFO - Checking QR code status: 9086c76f-035a-45a3-bfdb-bd016becaef3
2024-12-31 09:08:30,892 - __main__ - INFO - Checking QR code status: 2c6c2f97-215b-435a-9a0d-8f0c6be69795
2024-12-31 09:08:30,893 - __main__ - INFO - Checking QR code status: c73e7be0-51b3-4cad-9a85-e29a76296eb9
2024-12-31 09:08:31,897 - __main__ - INFO - Checking QR code status: 87bcbc26-5f71-4ea6-b46a-550015f9119e
2024-12-31 09:08:31,900 - __main__ - INFO - Checking QR code status: 9c2712f0-a9fa-4766-8849-076cca6f652a
2024-12-31 09:08:32,881 - __main__ - INFO - Checking QR code status: 9086c76f-035a-45a3-bfdb-bd016becaef3
2024-12-31 09:08:32,882 - __main__ - INFO - Checking QR code status: 2c6c2f97-215b-435a-9a0d-8f0c6be69795
2024-12-31 09:08:32,884 - __main__ - INFO - Checking QR code status: c73e7be0-51b3-4cad-9a85-e29a76296eb9
2024-12-31 09:08:33,887 - __main__ - INFO - Checking QR code status: 87bcbc26-5f71-4ea6-b46a-550015f9119e
2024-12-31 09:08:33,890 - __main__ - INFO - Checking QR code status: 9c2712f0-a9fa-4766-8849-076cca6f652a
2024-12-31 09:08:34,886 - __main__ - INFO - Checking QR code status: 9086c76f-035a-45a3-bfdb-bd016becaef3
2024-12-31 09:08:34,890 - __main__ - INFO - Checking QR code status: 2c6c2f97-215b-435a-9a0d-8f0c6be69795
2024-12-31 09:08:34,893 - __main__ - INFO - Checking QR code status: c73e7be0-51b3-4cad-9a85-e29a76296eb9
2024-12-31 09:08:35,885 - __main__ - INFO - Checking QR code status: 87bcbc26-5f71-4ea6-b46a-550015f9119e
2024-12-31 09:08:35,889 - __main__ - INFO - Checking QR code status: 9c2712f0-a9fa-4766-8849-076cca6f652a
2024-12-31 09:08:36,879 - __main__ - INFO - Checking QR code status: 9086c76f-035a-45a3-bfdb-bd016becaef3
2024-12-31 09:08:36,880 - __main__ - INFO - Checking QR code status: 2c6c2f97-215b-435a-9a0d-8f0c6be69795
2024-12-31 09:08:36,881 - __main__ - INFO - Checking QR code status: c73e7be0-51b3-4cad-9a85-e29a76296eb9
2024-12-31 09:08:37,899 - __main__ - INFO - Checking QR code status: 87bcbc26-5f71-4ea6-b46a-550015f9119e
2024-12-31 09:08:37,903 - __main__ - INFO - Checking QR code status: 9c2712f0-a9fa-4766-8849-076cca6f652a
2024-12-31 09:08:38,885 - __main__ - INFO - Checking QR code status: 9086c76f-035a-45a3-bfdb-bd016becaef3
2024-12-31 09:08:38,888 - __main__ - INFO - Checking QR code status: 2c6c2f97-215b-435a-9a0d-8f0c6be69795
2024-12-31 09:08:38,891 - __main__ - INFO - Checking QR code status: c73e7be0-51b3-4cad-9a85-e29a76296eb9
2024-12-31 09:08:39,890 - __main__ - INFO - Checking QR code status: 87bcbc26-5f71-4ea6-b46a-550015f9119e
2024-12-31 09:08:39,893 - __main__ - INFO - Checking QR code status: 9c2712f0-a9fa-4766-8849-076cca6f652a
2024-12-31 09:08:40,895 - __main__ - INFO - Checking QR code status: 9086c76f-035a-45a3-bfdb-bd016becaef3
2024-12-31 09:08:40,897 - __main__ - INFO - Checking QR code status: 2c6c2f97-215b-435a-9a0d-8f0c6be69795
2024-12-31 09:08:40,898 - __main__ - INFO - Checking QR code status: c73e7be0-51b3-4cad-9a85-e29a76296eb9
2024-12-31 09:08:41,890 - __main__ - INFO - Checking QR code status: 87bcbc26-5f71-4ea6-b46a-550015f9119e
2024-12-31 09:08:41,893 - __main__ - INFO - Checking QR code status: 9c2712f0-a9fa-4766-8849-076cca6f652a
2024-12-31 09:08:42,896 - __main__ - INFO - Checking QR code status: 9086c76f-035a-45a3-bfdb-bd016becaef3
2024-12-31 09:08:42,898 - __main__ - INFO - Checking QR code status: 2c6c2f97-215b-435a-9a0d-8f0c6be69795
2024-12-31 09:08:42,899 - __main__ - INFO - Checking QR code status: c73e7be0-51b3-4cad-9a85-e29a76296eb9
2024-12-31 09:08:43,885 - __main__ - INFO - Checking QR code status: 87bcbc26-5f71-4ea6-b46a-550015f9119e
2024-12-31 09:08:43,888 - __main__ - INFO - Checking QR code status: 9c2712f0-a9fa-4766-8849-076cca6f652a
2024-12-31 09:08:44,896 - __main__ - INFO - Checking QR code status: 9086c76f-035a-45a3-bfdb-bd016becaef3
2024-12-31 09:08:44,898 - __main__ - INFO - Checking QR code status: 2c6c2f97-215b-435a-9a0d-8f0c6be69795
2024-12-31 09:08:44,901 - __main__ - INFO - Checking QR code status: c73e7be0-51b3-4cad-9a85-e29a76296eb9
2024-12-31 09:08:45,883 - __main__ - INFO - Checking QR code status: 87bcbc26-5f71-4ea6-b46a-550015f9119e
2024-12-31 09:08:45,887 - __main__ - INFO - Checking QR code status: 9c2712f0-a9fa-4766-8849-076cca6f652a
2024-12-31 09:08:46,897 - __main__ - INFO - Checking QR code status: 9086c76f-035a-45a3-bfdb-bd016becaef3
2024-12-31 09:08:46,900 - __main__ - INFO - Checking QR code status: 2c6c2f97-215b-435a-9a0d-8f0c6be69795
2024-12-31 09:08:46,905 - __main__ - INFO - Checking QR code status: c73e7be0-51b3-4cad-9a85-e29a76296eb9
2024-12-31 09:08:47,885 - __main__ - INFO - Checking QR code status: 87bcbc26-5f71-4ea6-b46a-550015f9119e
2024-12-31 09:08:47,890 - __main__ - INFO - Checking QR code status: 9c2712f0-a9fa-4766-8849-076cca6f652a
2024-12-31 09:08:48,900 - __main__ - INFO - Checking QR code status: 9086c76f-035a-45a3-bfdb-bd016becaef3
2024-12-31 09:08:48,903 - __main__ - INFO - Checking QR code status: 2c6c2f97-215b-435a-9a0d-8f0c6be69795
2024-12-31 09:08:48,906 - __main__ - INFO - Checking QR code status: c73e7be0-51b3-4cad-9a85-e29a76296eb9
2024-12-31 09:08:49,895 - __main__ - INFO - Checking QR code status: 87bcbc26-5f71-4ea6-b46a-550015f9119e
2024-12-31 09:08:49,899 - __main__ - INFO - Checking QR code status: 9c2712f0-a9fa-4766-8849-076cca6f652a
2024-12-31 09:08:50,888 - __main__ - INFO - Checking QR code status: 9086c76f-035a-45a3-bfdb-bd016becaef3
2024-12-31 09:08:50,889 - __main__ - INFO - Checking QR code status: 2c6c2f97-215b-435a-9a0d-8f0c6be69795
2024-12-31 09:08:50,891 - __main__ - INFO - Checking QR code status: c73e7be0-51b3-4cad-9a85-e29a76296eb9
2024-12-31 09:08:51,899 - __main__ - INFO - Checking QR code status: 87bcbc26-5f71-4ea6-b46a-550015f9119e
2024-12-31 09:08:51,902 - __main__ - INFO - Checking QR code status: 9c2712f0-a9fa-4766-8849-076cca6f652a
2024-12-31 09:08:52,888 - __main__ - INFO - Checking QR code status: 9086c76f-035a-45a3-bfdb-bd016becaef3
2024-12-31 09:08:52,891 - __main__ - INFO - Checking QR code status: 2c6c2f97-215b-435a-9a0d-8f0c6be69795
2024-12-31 09:08:52,897 - __main__ - INFO - Checking QR code status: c73e7be0-51b3-4cad-9a85-e29a76296eb9
2024-12-31 09:08:53,883 - __main__ - INFO - Checking QR code status: 87bcbc26-5f71-4ea6-b46a-550015f9119e
2024-12-31 09:08:53,886 - __main__ - INFO - Checking QR code status: 9c2712f0-a9fa-4766-8849-076cca6f652a
2024-12-31 09:08:54,885 - __main__ - INFO - Checking QR code status: 9086c76f-035a-45a3-bfdb-bd016becaef3
2024-12-31 09:08:54,888 - __main__ - INFO - Checking QR code status: 2c6c2f97-215b-435a-9a0d-8f0c6be69795
2024-12-31 09:08:54,893 - __main__ - INFO - Checking QR code status: c73e7be0-51b3-4cad-9a85-e29a76296eb9
2024-12-31 09:08:55,895 - __main__ - INFO - Checking QR code status: 87bcbc26-5f71-4ea6-b46a-550015f9119e
2024-12-31 09:08:55,898 - __main__ - INFO - Checking QR code status: 9c2712f0-a9fa-4766-8849-076cca6f652a
2024-12-31 09:08:56,883 - __main__ - INFO - Checking QR code status: 9086c76f-035a-45a3-bfdb-bd016becaef3
2024-12-31 09:08:56,885 - __main__ - INFO - Checking QR code status: 2c6c2f97-215b-435a-9a0d-8f0c6be69795
2024-12-31 09:08:56,886 - __main__ - INFO - Checking QR code status: c73e7be0-51b3-4cad-9a85-e29a76296eb9
2024-12-31 09:08:57,881 - __main__ - INFO - Checking QR code status: 87bcbc26-5f71-4ea6-b46a-550015f9119e
2024-12-31 09:08:57,882 - __main__ - INFO - Checking QR code status: 9c2712f0-a9fa-4766-8849-076cca6f652a
2024-12-31 09:08:58,895 - __main__ - INFO - Checking QR code status: 9086c76f-035a-45a3-bfdb-bd016becaef3
2024-12-31 09:08:58,899 - __main__ - INFO - Checking QR code status: 2c6c2f97-215b-435a-9a0d-8f0c6be69795
2024-12-31 09:08:58,903 - __main__ - INFO - Checking QR code status: c73e7be0-51b3-4cad-9a85-e29a76296eb9
2024-12-31 09:08:59,893 - __main__ - INFO - Checking QR code status: 87bcbc26-5f71-4ea6-b46a-550015f9119e
2024-12-31 09:08:59,896 - __main__ - INFO - Checking QR code status: 9c2712f0-a9fa-4766-8849-076cca6f652a
2024-12-31 09:09:00,884 - __main__ - INFO - Checking QR code status: 9086c76f-035a-45a3-bfdb-bd016becaef3
2024-12-31 09:09:00,886 - __main__ - INFO - Checking QR code status: 2c6c2f97-215b-435a-9a0d-8f0c6be69795
2024-12-31 09:09:00,886 - __main__ - INFO - Checking QR code status: c73e7be0-51b3-4cad-9a85-e29a76296eb9
2024-12-31 09:09:01,897 - __main__ - INFO - Checking QR code status: 87bcbc26-5f71-4ea6-b46a-550015f9119e
2024-12-31 09:09:01,900 - __main__ - INFO - Checking QR code status: 9c2712f0-a9fa-4766-8849-076cca6f652a
2024-12-31 09:09:02,885 - __main__ - INFO - Checking QR code status: 9086c76f-035a-45a3-bfdb-bd016becaef3
2024-12-31 09:09:02,886 - __main__ - INFO - Checking QR code status: 2c6c2f97-215b-435a-9a0d-8f0c6be69795
2024-12-31 09:09:02,887 - __main__ - INFO - Checking QR code status: c73e7be0-51b3-4cad-9a85-e29a76296eb9
2024-12-31 09:09:03,883 - __main__ - INFO - Checking QR code status: 87bcbc26-5f71-4ea6-b46a-550015f9119e
2024-12-31 09:09:03,886 - __main__ - INFO - Checking QR code status: 9c2712f0-a9fa-4766-8849-076cca6f652a
2024-12-31 09:09:04,888 - __main__ - INFO - Checking QR code status: 9086c76f-035a-45a3-bfdb-bd016becaef3
2024-12-31 09:09:04,889 - __main__ - INFO - Checking QR code status: 2c6c2f97-215b-435a-9a0d-8f0c6be69795
2024-12-31 09:09:04,889 - __main__ - INFO - Checking QR code status: c73e7be0-51b3-4cad-9a85-e29a76296eb9
2024-12-31 09:09:05,895 - __main__ - INFO - Checking QR code status: 87bcbc26-5f71-4ea6-b46a-550015f9119e
2024-12-31 09:09:05,899 - __main__ - INFO - Checking QR code status: 9c2712f0-a9fa-4766-8849-076cca6f652a
2024-12-31 09:09:06,886 - __main__ - INFO - Checking QR code status: 9086c76f-035a-45a3-bfdb-bd016becaef3
2024-12-31 09:09:06,887 - __main__ - INFO - Checking QR code status: 2c6c2f97-215b-435a-9a0d-8f0c6be69795
2024-12-31 09:09:06,887 - __main__ - INFO - Checking QR code status: c73e7be0-51b3-4cad-9a85-e29a76296eb9
2024-12-31 09:09:07,895 - __main__ - INFO - Checking QR code status: 87bcbc26-5f71-4ea6-b46a-550015f9119e
2024-12-31 09:09:07,896 - __main__ - INFO - Checking QR code status: 9c2712f0-a9fa-4766-8849-076cca6f652a
2024-12-31 09:09:08,887 - __main__ - INFO - Checking QR code status: 9086c76f-035a-45a3-bfdb-bd016becaef3
2024-12-31 09:09:08,891 - __main__ - INFO - Checking QR code status: 2c6c2f97-215b-435a-9a0d-8f0c6be69795
2024-12-31 09:09:08,895 - __main__ - INFO - Checking QR code status: c73e7be0-51b3-4cad-9a85-e29a76296eb9
2024-12-31 09:09:09,895 - __main__ - INFO - Checking QR code status: 87bcbc26-5f71-4ea6-b46a-550015f9119e
2024-12-31 09:09:09,896 - __main__ - INFO - Checking QR code status: 9c2712f0-a9fa-4766-8849-076cca6f652a
2024-12-31 09:09:10,895 - __main__ - INFO - Checking QR code status: 9086c76f-035a-45a3-bfdb-bd016becaef3
2024-12-31 09:09:10,896 - __main__ - INFO - Checking QR code status: 2c6c2f97-215b-435a-9a0d-8f0c6be69795
2024-12-31 09:09:10,896 - __main__ - INFO - Checking QR code status: c73e7be0-51b3-4cad-9a85-e29a76296eb9
2024-12-31 09:09:11,886 - __main__ - INFO - Checking QR code status: 87bcbc26-5f71-4ea6-b46a-550015f9119e
2024-12-31 09:09:11,889 - __main__ - INFO - Checking QR code status: 9c2712f0-a9fa-4766-8849-076cca6f652a
2024-12-31 09:09:12,894 - __main__ - INFO - Checking QR code status: 9086c76f-035a-45a3-bfdb-bd016becaef3
2024-12-31 09:09:12,897 - __main__ - INFO - Checking QR code status: 2c6c2f97-215b-435a-9a0d-8f0c6be69795
2024-12-31 09:09:12,903 - __main__ - INFO - Checking QR code status: c73e7be0-51b3-4cad-9a85-e29a76296eb9
2024-12-31 09:09:13,891 - __main__ - INFO - Checking QR code status: 87bcbc26-5f71-4ea6-b46a-550015f9119e
2024-12-31 09:09:13,894 - __main__ - INFO - Checking QR code status: 9c2712f0-a9fa-4766-8849-076cca6f652a
2024-12-31 09:09:14,884 - __main__ - INFO - Checking QR code status: 9086c76f-035a-45a3-bfdb-bd016becaef3
2024-12-31 09:09:14,885 - __main__ - INFO - Checking QR code status: 2c6c2f97-215b-435a-9a0d-8f0c6be69795
2024-12-31 09:09:14,886 - __main__ - INFO - Checking QR code status: c73e7be0-51b3-4cad-9a85-e29a76296eb9
2024-12-31 09:09:15,898 - __main__ - INFO - Checking QR code status: 87bcbc26-5f71-4ea6-b46a-550015f9119e
2024-12-31 09:09:15,902 - __main__ - INFO - Checking QR code status: 9c2712f0-a9fa-4766-8849-076cca6f652a
2024-12-31 09:09:16,889 - __main__ - INFO - Checking QR code status: 9086c76f-035a-45a3-bfdb-bd016becaef3
2024-12-31 09:09:16,892 - __main__ - INFO - Checking QR code status: 2c6c2f97-215b-435a-9a0d-8f0c6be69795
2024-12-31 09:09:16,896 - __main__ - INFO - Checking QR code status: c73e7be0-51b3-4cad-9a85-e29a76296eb9
2024-12-31 09:09:17,883 - __main__ - INFO - Checking QR code status: 87bcbc26-5f71-4ea6-b46a-550015f9119e
2024-12-31 09:09:17,886 - __main__ - INFO - Checking QR code status: 9c2712f0-a9fa-4766-8849-076cca6f652a
2024-12-31 09:09:56,889 - __main__ - INFO - Checking QR code status: 9086c76f-035a-45a3-bfdb-bd016becaef3
2024-12-31 09:09:56,890 - __main__ - INFO - Checking QR code status: 2c6c2f97-215b-435a-9a0d-8f0c6be69795
2024-12-31 09:09:56,891 - __main__ - INFO - Checking QR code status: c73e7be0-51b3-4cad-9a85-e29a76296eb9
2024-12-31 09:09:56,892 - __main__ - INFO - Checking QR code status: 87bcbc26-5f71-4ea6-b46a-550015f9119e
2024-12-31 09:09:56,893 - __main__ - INFO - Checking QR code status: 9c2712f0-a9fa-4766-8849-076cca6f652a
2024-12-31 09:10:56,884 - __main__ - INFO - Checking QR code status: 87bcbc26-5f71-4ea6-b46a-550015f9119e
2024-12-31 09:10:56,885 - __main__ - INFO - Checking QR code status: 9c2712f0-a9fa-4766-8849-076cca6f652a
2024-12-31 09:10:56,886 - __main__ - INFO - Checking QR code status: 9086c76f-035a-45a3-bfdb-bd016becaef3
2024-12-31 09:10:56,888 - __main__ - INFO - Checking QR code status: 2c6c2f97-215b-435a-9a0d-8f0c6be69795
2024-12-31 09:10:56,890 - __main__ - INFO - Checking QR code status: c73e7be0-51b3-4cad-9a85-e29a76296eb9
2024-12-31 09:11:56,887 - __main__ - INFO - Checking QR code status: 87bcbc26-5f71-4ea6-b46a-550015f9119e
2024-12-31 09:11:56,889 - __main__ - INFO - Checking QR code status: 9c2712f0-a9fa-4766-8849-076cca6f652a
2024-12-31 09:11:56,891 - __main__ - INFO - Checking QR code status: 9086c76f-035a-45a3-bfdb-bd016becaef3
2024-12-31 09:11:56,892 - __main__ - INFO - Checking QR code status: 2c6c2f97-215b-435a-9a0d-8f0c6be69795
2024-12-31 09:11:56,894 - __main__ - INFO - Checking QR code status: c73e7be0-51b3-4cad-9a85-e29a76296eb9
2024-12-31 09:12:56,886 - __main__ - INFO - Checking QR code status: 87bcbc26-5f71-4ea6-b46a-550015f9119e
2024-12-31 09:12:56,886 - __main__ - INFO - Checking QR code status: 9c2712f0-a9fa-4766-8849-076cca6f652a
2024-12-31 09:12:56,888 - __main__ - INFO - Checking QR code status: 9086c76f-035a-45a3-bfdb-bd016becaef3
2024-12-31 09:12:56,888 - __main__ - INFO - Checking QR code status: 2c6c2f97-215b-435a-9a0d-8f0c6be69795
2024-12-31 09:12:56,889 - __main__ - INFO - Checking QR code status: c73e7be0-51b3-4cad-9a85-e29a76296eb9
2024-12-31 09:13:56,899 - __main__ - INFO - Checking QR code status: 9086c76f-035a-45a3-bfdb-bd016becaef3
