2024-12-31 17:15:29,526 - __main__ - INFO - Application starting...
2024-12-31 17:15:29,530 - __main__ - INFO - Redis connection successful
2024-12-31 17:15:29,605 - __main__ - INFO - Starting Flask application...
2024-12-31 17:15:30,292 - __main__ - INFO - Application starting...
2024-12-31 17:15:30,295 - __main__ - INFO - Redis connection successful
2024-12-31 17:15:30,368 - __main__ - INFO - Starting Flask application...
2024-12-31 17:15:43,057 - __main__ - INFO - Generating QR code
2024-12-31 17:15:43,085 - __main__ - INFO - QR code generated successfully
2024-12-31 17:15:45,105 - __main__ - INFO - Checking QR code status: 237fad3d-cb30-458b-a3b4-7899462336fc
2024-12-31 17:15:47,102 - __main__ - INFO - Checking QR code status: 237fad3d-cb30-458b-a3b4-7899462336fc
2024-12-31 17:15:49,097 - __main__ - INFO - Checking QR code status: 237fad3d-cb30-458b-a3b4-7899462336fc
2024-12-31 17:15:51,110 - __main__ - INFO - Checking QR code status: 237fad3d-cb30-458b-a3b4-7899462336fc
2024-12-31 17:15:52,050 - __main__ - INFO - Generating QR code
2024-12-31 17:15:52,067 - __main__ - INFO - QR code generated successfully
2024-12-31 17:15:53,104 - __main__ - INFO - Checking QR code status: 237fad3d-cb30-458b-a3b4-7899462336fc
2024-12-31 17:15:54,078 - __main__ - INFO - Checking QR code status: 30e4a6a6-e67c-4586-881b-453cc59179f4
2024-12-31 17:15:55,090 - __main__ - INFO - Checking QR code status: 237fad3d-cb30-458b-a3b4-7899462336fc
2024-12-31 17:15:56,090 - __main__ - INFO - Checking QR code status: 30e4a6a6-e67c-4586-881b-453cc59179f4
2024-12-31 17:15:57,091 - __main__ - INFO - Checking QR code status: 237fad3d-cb30-458b-a3b4-7899462336fc
2024-12-31 17:15:58,468 - __main__ - INFO - Checking QR code status: 30e4a6a6-e67c-4586-881b-453cc59179f4
2024-12-31 17:15:59,884 - __main__ - INFO - Checking QR code status: 237fad3d-cb30-458b-a3b4-7899462336fc
2024-12-31 17:16:00,879 - __main__ - INFO - Checking QR code status: 30e4a6a6-e67c-4586-881b-453cc59179f4
2024-12-31 17:16:01,887 - __main__ - INFO - Checking QR code status: 237fad3d-cb30-458b-a3b4-7899462336fc
2024-12-31 17:16:02,890 - __main__ - INFO - Checking QR code status: 30e4a6a6-e67c-4586-881b-453cc59179f4
2024-12-31 17:16:03,884 - __main__ - INFO - Checking QR code status: 237fad3d-cb30-458b-a3b4-7899462336fc
2024-12-31 17:16:04,886 - __main__ - INFO - Checking QR code status: 30e4a6a6-e67c-4586-881b-453cc59179f4
2024-12-31 17:16:05,883 - __main__ - INFO - Checking QR code status: 237fad3d-cb30-458b-a3b4-7899462336fc
2024-12-31 17:16:06,879 - __main__ - INFO - Checking QR code status: 30e4a6a6-e67c-4586-881b-453cc59179f4
2024-12-31 17:16:07,890 - __main__ - INFO - Checking QR code status: 237fad3d-cb30-458b-a3b4-7899462336fc
2024-12-31 17:16:08,896 - __main__ - INFO - Checking QR code status: 30e4a6a6-e67c-4586-881b-453cc59179f4
2024-12-31 17:16:09,888 - __main__ - INFO - Checking QR code status: 237fad3d-cb30-458b-a3b4-7899462336fc
2024-12-31 17:16:10,886 - __main__ - INFO - Checking QR code status: 30e4a6a6-e67c-4586-881b-453cc59179f4
2024-12-31 17:16:11,889 - __main__ - INFO - Checking QR code status: 237fad3d-cb30-458b-a3b4-7899462336fc
2024-12-31 17:16:12,892 - __main__ - INFO - Checking QR code status: 30e4a6a6-e67c-4586-881b-453cc59179f4
2024-12-31 17:16:13,883 - __main__ - INFO - Checking QR code status: 237fad3d-cb30-458b-a3b4-7899462336fc
2024-12-31 17:16:14,897 - __main__ - INFO - Checking QR code status: 30e4a6a6-e67c-4586-881b-453cc59179f4
2024-12-31 17:16:15,887 - __main__ - INFO - Checking QR code status: 237fad3d-cb30-458b-a3b4-7899462336fc
2024-12-31 17:16:16,895 - __main__ - INFO - Checking QR code status: 30e4a6a6-e67c-4586-881b-453cc59179f4
2024-12-31 17:16:17,889 - __main__ - INFO - Checking QR code status: 237fad3d-cb30-458b-a3b4-7899462336fc
2024-12-31 17:16:18,884 - __main__ - INFO - Checking QR code status: 30e4a6a6-e67c-4586-881b-453cc59179f4
2024-12-31 17:16:19,885 - __main__ - INFO - Checking QR code status: 237fad3d-cb30-458b-a3b4-7899462336fc
2024-12-31 17:16:20,886 - __main__ - INFO - Checking QR code status: 30e4a6a6-e67c-4586-881b-453cc59179f4
2024-12-31 17:16:21,885 - __main__ - INFO - Checking QR code status: 237fad3d-cb30-458b-a3b4-7899462336fc
2024-12-31 17:16:22,878 - __main__ - INFO - Checking QR code status: 30e4a6a6-e67c-4586-881b-453cc59179f4
2024-12-31 17:16:23,879 - __main__ - INFO - Checking QR code status: 237fad3d-cb30-458b-a3b4-7899462336fc
2024-12-31 17:16:24,893 - __main__ - INFO - Checking QR code status: 30e4a6a6-e67c-4586-881b-453cc59179f4
2024-12-31 17:16:25,894 - __main__ - INFO - Checking QR code status: 237fad3d-cb30-458b-a3b4-7899462336fc
2024-12-31 17:16:26,893 - __main__ - INFO - Checking QR code status: 30e4a6a6-e67c-4586-881b-453cc59179f4
2024-12-31 17:16:27,894 - __main__ - INFO - Checking QR code status: 237fad3d-cb30-458b-a3b4-7899462336fc
2024-12-31 17:16:28,893 - __main__ - INFO - Checking QR code status: 30e4a6a6-e67c-4586-881b-453cc59179f4
2024-12-31 17:16:29,883 - __main__ - INFO - Checking QR code status: 237fad3d-cb30-458b-a3b4-7899462336fc
2024-12-31 17:16:30,896 - __main__ - INFO - Checking QR code status: 30e4a6a6-e67c-4586-881b-453cc59179f4
2024-12-31 17:16:31,893 - __main__ - INFO - Checking QR code status: 237fad3d-cb30-458b-a3b4-7899462336fc
2024-12-31 17:16:32,884 - __main__ - INFO - Checking QR code status: 30e4a6a6-e67c-4586-881b-453cc59179f4
2024-12-31 17:16:33,892 - __main__ - INFO - Checking QR code status: 237fad3d-cb30-458b-a3b4-7899462336fc
2024-12-31 17:16:34,899 - __main__ - INFO - Checking QR code status: 30e4a6a6-e67c-4586-881b-453cc59179f4
2024-12-31 17:16:35,889 - __main__ - INFO - Checking QR code status: 237fad3d-cb30-458b-a3b4-7899462336fc
2024-12-31 17:16:36,892 - __main__ - INFO - Checking QR code status: 30e4a6a6-e67c-4586-881b-453cc59179f4
2024-12-31 17:16:37,891 - __main__ - INFO - Checking QR code status: 237fad3d-cb30-458b-a3b4-7899462336fc
2024-12-31 17:16:38,889 - __main__ - INFO - Checking QR code status: 30e4a6a6-e67c-4586-881b-453cc59179f4
2024-12-31 17:16:39,884 - __main__ - INFO - Checking QR code status: 237fad3d-cb30-458b-a3b4-7899462336fc
2024-12-31 17:16:40,892 - __main__ - INFO - Checking QR code status: 30e4a6a6-e67c-4586-881b-453cc59179f4
2024-12-31 17:16:41,891 - __main__ - INFO - Checking QR code status: 237fad3d-cb30-458b-a3b4-7899462336fc
2024-12-31 17:16:42,896 - __main__ - INFO - Checking QR code status: 30e4a6a6-e67c-4586-881b-453cc59179f4
2024-12-31 17:16:43,888 - __main__ - INFO - Checking QR code status: 237fad3d-cb30-458b-a3b4-7899462336fc
2024-12-31 17:16:44,882 - __main__ - INFO - Checking QR code status: 30e4a6a6-e67c-4586-881b-453cc59179f4
2024-12-31 17:16:45,879 - __main__ - INFO - Checking QR code status: 237fad3d-cb30-458b-a3b4-7899462336fc
2024-12-31 17:16:46,883 - __main__ - INFO - Checking QR code status: 30e4a6a6-e67c-4586-881b-453cc59179f4
2024-12-31 17:16:47,881 - __main__ - INFO - Checking QR code status: 237fad3d-cb30-458b-a3b4-7899462336fc
2024-12-31 17:16:48,889 - __main__ - INFO - Checking QR code status: 30e4a6a6-e67c-4586-881b-453cc59179f4
2024-12-31 17:16:49,880 - __main__ - INFO - Checking QR code status: 237fad3d-cb30-458b-a3b4-7899462336fc
2024-12-31 17:16:50,879 - __main__ - INFO - Checking QR code status: 30e4a6a6-e67c-4586-881b-453cc59179f4
2024-12-31 17:16:51,894 - __main__ - INFO - Checking QR code status: 237fad3d-cb30-458b-a3b4-7899462336fc
2024-12-31 17:16:52,886 - __main__ - INFO - Checking QR code status: 30e4a6a6-e67c-4586-881b-453cc59179f4
2024-12-31 17:16:53,893 - __main__ - INFO - Checking QR code status: 237fad3d-cb30-458b-a3b4-7899462336fc
2024-12-31 17:16:54,887 - __main__ - INFO - Checking QR code status: 30e4a6a6-e67c-4586-881b-453cc59179f4
2024-12-31 17:16:55,883 - __main__ - INFO - Checking QR code status: 237fad3d-cb30-458b-a3b4-7899462336fc
2024-12-31 17:16:56,892 - __main__ - INFO - Checking QR code status: 30e4a6a6-e67c-4586-881b-453cc59179f4
2024-12-31 17:16:57,884 - __main__ - INFO - Checking QR code status: 237fad3d-cb30-458b-a3b4-7899462336fc
2024-12-31 17:16:58,893 - __main__ - INFO - Checking QR code status: 30e4a6a6-e67c-4586-881b-453cc59179f4
2024-12-31 17:17:22,947 - __main__ - INFO - Checking QR code status: 237fad3d-cb30-458b-a3b4-7899462336fc
2024-12-31 17:17:22,948 - __main__ - INFO - Checking QR code status: 30e4a6a6-e67c-4586-881b-453cc59179f4
2024-12-31 17:17:23,093 - __main__ - INFO - Checking QR code status: 237fad3d-cb30-458b-a3b4-7899462336fc
2024-12-31 17:17:24,894 - __main__ - INFO - Checking QR code status: 30e4a6a6-e67c-4586-881b-453cc59179f4
2024-12-31 17:17:25,316 - __main__ - INFO - Checking QR code status: 237fad3d-cb30-458b-a3b4-7899462336fc
2024-12-31 17:17:26,082 - __main__ - INFO - Checking QR code status: 30e4a6a6-e67c-4586-881b-453cc59179f4
2024-12-31 17:17:27,098 - __main__ - INFO - Checking QR code status: 237fad3d-cb30-458b-a3b4-7899462336fc
2024-12-31 17:17:28,076 - __main__ - INFO - Checking QR code status: 30e4a6a6-e67c-4586-881b-453cc59179f4
2024-12-31 17:17:28,246 - __main__ - INFO - Generating QR code
2024-12-31 17:17:28,257 - __main__ - INFO - QR code generated successfully
2024-12-31 17:17:29,091 - __main__ - INFO - Checking QR code status: 237fad3d-cb30-458b-a3b4-7899462336fc
2024-12-31 17:17:30,091 - __main__ - INFO - Checking QR code status: 30e4a6a6-e67c-4586-881b-453cc59179f4
2024-12-31 17:17:34,774 - __main__ - INFO - Generating QR code
2024-12-31 17:17:34,785 - __main__ - INFO - QR code generated successfully
2024-12-31 17:17:36,794 - __main__ - INFO - Checking QR code status: e84b3ed3-470f-4599-b5a3-2e4f5dc1283b
2024-12-31 17:17:38,485 - __main__ - INFO - Generating QR code
2024-12-31 17:17:38,499 - __main__ - INFO - QR code generated successfully
2024-12-31 17:17:38,805 - __main__ - INFO - Checking QR code status: e84b3ed3-470f-4599-b5a3-2e4f5dc1283b
2024-12-31 17:17:40,522 - __main__ - INFO - Checking QR code status: 8a186fa9-7296-4b6a-8926-487d428650b8
2024-12-31 17:17:40,799 - __main__ - INFO - Checking QR code status: e84b3ed3-470f-4599-b5a3-2e4f5dc1283b
2024-12-31 17:17:42,506 - __main__ - INFO - Checking QR code status: 8a186fa9-7296-4b6a-8926-487d428650b8
2024-12-31 17:17:42,794 - __main__ - INFO - Checking QR code status: e84b3ed3-470f-4599-b5a3-2e4f5dc1283b
2024-12-31 17:17:44,528 - __main__ - INFO - Checking QR code status: 8a186fa9-7296-4b6a-8926-487d428650b8
2024-12-31 17:17:44,801 - __main__ - INFO - Checking QR code status: e84b3ed3-470f-4599-b5a3-2e4f5dc1283b
2024-12-31 17:17:46,523 - __main__ - INFO - Checking QR code status: 8a186fa9-7296-4b6a-8926-487d428650b8
2024-12-31 17:17:46,806 - __main__ - INFO - Checking QR code status: e84b3ed3-470f-4599-b5a3-2e4f5dc1283b
2024-12-31 17:17:48,524 - __main__ - INFO - Checking QR code status: 8a186fa9-7296-4b6a-8926-487d428650b8
2024-12-31 17:17:48,801 - __main__ - INFO - Checking QR code status: e84b3ed3-470f-4599-b5a3-2e4f5dc1283b
2024-12-31 17:17:50,524 - __main__ - INFO - Checking QR code status: 8a186fa9-7296-4b6a-8926-487d428650b8
2024-12-31 17:17:50,798 - __main__ - INFO - Checking QR code status: e84b3ed3-470f-4599-b5a3-2e4f5dc1283b
2024-12-31 17:17:52,525 - __main__ - INFO - Checking QR code status: 8a186fa9-7296-4b6a-8926-487d428650b8
2024-12-31 17:17:52,805 - __main__ - INFO - Checking QR code status: e84b3ed3-470f-4599-b5a3-2e4f5dc1283b
2024-12-31 17:17:54,523 - __main__ - INFO - Checking QR code status: 8a186fa9-7296-4b6a-8926-487d428650b8
2024-12-31 17:17:54,805 - __main__ - INFO - Checking QR code status: e84b3ed3-470f-4599-b5a3-2e4f5dc1283b
2024-12-31 17:17:56,516 - __main__ - INFO - Checking QR code status: 8a186fa9-7296-4b6a-8926-487d428650b8
2024-12-31 17:17:56,801 - __main__ - INFO - Checking QR code status: e84b3ed3-470f-4599-b5a3-2e4f5dc1283b
2024-12-31 17:17:58,520 - __main__ - INFO - Checking QR code status: 8a186fa9-7296-4b6a-8926-487d428650b8
2024-12-31 17:17:58,800 - __main__ - INFO - Checking QR code status: e84b3ed3-470f-4599-b5a3-2e4f5dc1283b
2024-12-31 17:18:00,525 - __main__ - INFO - Checking QR code status: 8a186fa9-7296-4b6a-8926-487d428650b8
2024-12-31 17:18:00,801 - __main__ - INFO - Checking QR code status: e84b3ed3-470f-4599-b5a3-2e4f5dc1283b
2024-12-31 17:18:02,515 - __main__ - INFO - Checking QR code status: 8a186fa9-7296-4b6a-8926-487d428650b8
2024-12-31 17:18:02,799 - __main__ - INFO - Checking QR code status: e84b3ed3-470f-4599-b5a3-2e4f5dc1283b
2024-12-31 17:18:04,519 - __main__ - INFO - Checking QR code status: 8a186fa9-7296-4b6a-8926-487d428650b8
2024-12-31 17:18:04,804 - __main__ - INFO - Checking QR code status: e84b3ed3-470f-4599-b5a3-2e4f5dc1283b
2024-12-31 17:18:06,520 - __main__ - INFO - Checking QR code status: 8a186fa9-7296-4b6a-8926-487d428650b8
2024-12-31 17:18:06,798 - __main__ - INFO - Checking QR code status: e84b3ed3-470f-4599-b5a3-2e4f5dc1283b
2024-12-31 17:18:08,527 - __main__ - INFO - Checking QR code status: 8a186fa9-7296-4b6a-8926-487d428650b8
2024-12-31 17:18:08,805 - __main__ - INFO - Checking QR code status: e84b3ed3-470f-4599-b5a3-2e4f5dc1283b
2024-12-31 17:18:10,519 - __main__ - INFO - Checking QR code status: 8a186fa9-7296-4b6a-8926-487d428650b8
2024-12-31 17:18:10,800 - __main__ - INFO - Checking QR code status: e84b3ed3-470f-4599-b5a3-2e4f5dc1283b
2024-12-31 17:18:12,520 - __main__ - INFO - Checking QR code status: 8a186fa9-7296-4b6a-8926-487d428650b8
2024-12-31 17:18:12,802 - __main__ - INFO - Checking QR code status: e84b3ed3-470f-4599-b5a3-2e4f5dc1283b
2024-12-31 17:18:14,516 - __main__ - INFO - Checking QR code status: 8a186fa9-7296-4b6a-8926-487d428650b8
2024-12-31 17:18:14,796 - __main__ - INFO - Checking QR code status: e84b3ed3-470f-4599-b5a3-2e4f5dc1283b
2024-12-31 17:18:16,518 - __main__ - INFO - Checking QR code status: 8a186fa9-7296-4b6a-8926-487d428650b8
2024-12-31 17:18:16,803 - __main__ - INFO - Checking QR code status: e84b3ed3-470f-4599-b5a3-2e4f5dc1283b
2024-12-31 17:18:18,525 - __main__ - INFO - Checking QR code status: 8a186fa9-7296-4b6a-8926-487d428650b8
2024-12-31 17:18:18,808 - __main__ - INFO - Checking QR code status: e84b3ed3-470f-4599-b5a3-2e4f5dc1283b
2024-12-31 17:18:20,514 - __main__ - INFO - Checking QR code status: 8a186fa9-7296-4b6a-8926-487d428650b8
2024-12-31 17:18:20,808 - __main__ - INFO - Checking QR code status: e84b3ed3-470f-4599-b5a3-2e4f5dc1283b
2024-12-31 17:18:22,521 - __main__ - INFO - Checking QR code status: 8a186fa9-7296-4b6a-8926-487d428650b8
2024-12-31 17:18:22,803 - __main__ - INFO - Checking QR code status: e84b3ed3-470f-4599-b5a3-2e4f5dc1283b
2024-12-31 17:18:24,523 - __main__ - INFO - Checking QR code status: 8a186fa9-7296-4b6a-8926-487d428650b8
2024-12-31 17:18:24,798 - __main__ - INFO - Checking QR code status: e84b3ed3-470f-4599-b5a3-2e4f5dc1283b
2024-12-31 17:18:26,510 - __main__ - INFO - Checking QR code status: 8a186fa9-7296-4b6a-8926-487d428650b8
2024-12-31 17:18:26,800 - __main__ - INFO - Checking QR code status: e84b3ed3-470f-4599-b5a3-2e4f5dc1283b
2024-12-31 17:18:28,520 - __main__ - INFO - Checking QR code status: 8a186fa9-7296-4b6a-8926-487d428650b8
2024-12-31 17:18:28,802 - __main__ - INFO - Checking QR code status: e84b3ed3-470f-4599-b5a3-2e4f5dc1283b
2024-12-31 17:18:30,517 - __main__ - INFO - Checking QR code status: 8a186fa9-7296-4b6a-8926-487d428650b8
2024-12-31 17:18:30,800 - __main__ - INFO - Checking QR code status: e84b3ed3-470f-4599-b5a3-2e4f5dc1283b
2024-12-31 17:18:32,516 - __main__ - INFO - Checking QR code status: 8a186fa9-7296-4b6a-8926-487d428650b8
2024-12-31 17:18:32,808 - __main__ - INFO - Checking QR code status: e84b3ed3-470f-4599-b5a3-2e4f5dc1283b
2024-12-31 17:18:34,523 - __main__ - INFO - Checking QR code status: 8a186fa9-7296-4b6a-8926-487d428650b8
2024-12-31 17:18:34,802 - __main__ - INFO - Checking QR code status: e84b3ed3-470f-4599-b5a3-2e4f5dc1283b
2024-12-31 17:18:36,520 - __main__ - INFO - Checking QR code status: 8a186fa9-7296-4b6a-8926-487d428650b8
2024-12-31 17:18:36,807 - __main__ - INFO - Checking QR code status: e84b3ed3-470f-4599-b5a3-2e4f5dc1283b
2024-12-31 17:18:38,523 - __main__ - INFO - Checking QR code status: 8a186fa9-7296-4b6a-8926-487d428650b8
2024-12-31 17:18:38,799 - __main__ - INFO - Checking QR code status: e84b3ed3-470f-4599-b5a3-2e4f5dc1283b
2024-12-31 17:18:40,512 - __main__ - INFO - Checking QR code status: 8a186fa9-7296-4b6a-8926-487d428650b8
2024-12-31 17:18:40,808 - __main__ - INFO - Checking QR code status: e84b3ed3-470f-4599-b5a3-2e4f5dc1283b
2024-12-31 17:18:42,513 - __main__ - INFO - Checking QR code status: 8a186fa9-7296-4b6a-8926-487d428650b8
2024-12-31 17:18:42,801 - __main__ - INFO - Checking QR code status: e84b3ed3-470f-4599-b5a3-2e4f5dc1283b
2024-12-31 17:18:44,521 - __main__ - INFO - Checking QR code status: 8a186fa9-7296-4b6a-8926-487d428650b8
2024-12-31 17:18:44,802 - __main__ - INFO - Checking QR code status: e84b3ed3-470f-4599-b5a3-2e4f5dc1283b
2024-12-31 17:18:46,525 - __main__ - INFO - Checking QR code status: 8a186fa9-7296-4b6a-8926-487d428650b8
2024-12-31 17:18:46,804 - __main__ - INFO - Checking QR code status: e84b3ed3-470f-4599-b5a3-2e4f5dc1283b
2024-12-31 17:18:48,513 - __main__ - INFO - Checking QR code status: 8a186fa9-7296-4b6a-8926-487d428650b8
2024-12-31 17:18:48,808 - __main__ - INFO - Checking QR code status: e84b3ed3-470f-4599-b5a3-2e4f5dc1283b
2024-12-31 17:18:50,517 - __main__ - INFO - Checking QR code status: 8a186fa9-7296-4b6a-8926-487d428650b8
2024-12-31 17:18:50,794 - __main__ - INFO - Checking QR code status: e84b3ed3-470f-4599-b5a3-2e4f5dc1283b
2024-12-31 17:18:52,523 - __main__ - INFO - Checking QR code status: 8a186fa9-7296-4b6a-8926-487d428650b8
2024-12-31 17:18:52,798 - __main__ - INFO - Checking QR code status: e84b3ed3-470f-4599-b5a3-2e4f5dc1283b
2024-12-31 17:18:54,522 - __main__ - INFO - Checking QR code status: 8a186fa9-7296-4b6a-8926-487d428650b8
2024-12-31 17:18:54,805 - __main__ - INFO - Checking QR code status: e84b3ed3-470f-4599-b5a3-2e4f5dc1283b
2024-12-31 17:18:56,524 - __main__ - INFO - Checking QR code status: 8a186fa9-7296-4b6a-8926-487d428650b8
2024-12-31 17:18:56,804 - __main__ - INFO - Checking QR code status: e84b3ed3-470f-4599-b5a3-2e4f5dc1283b
2024-12-31 17:18:58,512 - __main__ - INFO - Checking QR code status: 8a186fa9-7296-4b6a-8926-487d428650b8
2024-12-31 17:18:58,795 - __main__ - INFO - Checking QR code status: e84b3ed3-470f-4599-b5a3-2e4f5dc1283b
2024-12-31 17:19:00,518 - __main__ - INFO - Checking QR code status: 8a186fa9-7296-4b6a-8926-487d428650b8
2024-12-31 17:19:00,804 - __main__ - INFO - Checking QR code status: e84b3ed3-470f-4599-b5a3-2e4f5dc1283b
2024-12-31 17:19:02,528 - __main__ - INFO - Checking QR code status: 8a186fa9-7296-4b6a-8926-487d428650b8
2024-12-31 17:19:02,807 - __main__ - INFO - Checking QR code status: e84b3ed3-470f-4599-b5a3-2e4f5dc1283b
2024-12-31 17:19:04,508 - __main__ - INFO - Checking QR code status: 8a186fa9-7296-4b6a-8926-487d428650b8
2024-12-31 17:19:04,810 - __main__ - INFO - Checking QR code status: e84b3ed3-470f-4599-b5a3-2e4f5dc1283b
2024-12-31 17:19:06,511 - __main__ - INFO - Checking QR code status: 8a186fa9-7296-4b6a-8926-487d428650b8
2024-12-31 17:19:06,795 - __main__ - INFO - Checking QR code status: e84b3ed3-470f-4599-b5a3-2e4f5dc1283b
2024-12-31 17:19:08,510 - __main__ - INFO - Checking QR code status: 8a186fa9-7296-4b6a-8926-487d428650b8
2024-12-31 17:19:08,807 - __main__ - INFO - Checking QR code status: e84b3ed3-470f-4599-b5a3-2e4f5dc1283b
2024-12-31 17:19:10,526 - __main__ - INFO - Checking QR code status: 8a186fa9-7296-4b6a-8926-487d428650b8
2024-12-31 17:19:10,805 - __main__ - INFO - Checking QR code status: e84b3ed3-470f-4599-b5a3-2e4f5dc1283b
2024-12-31 17:19:12,524 - __main__ - INFO - Checking QR code status: 8a186fa9-7296-4b6a-8926-487d428650b8
2024-12-31 17:19:12,802 - __main__ - INFO - Checking QR code status: e84b3ed3-470f-4599-b5a3-2e4f5dc1283b
2024-12-31 17:19:14,526 - __main__ - INFO - Checking QR code status: 8a186fa9-7296-4b6a-8926-487d428650b8
2024-12-31 17:19:14,807 - __main__ - INFO - Checking QR code status: e84b3ed3-470f-4599-b5a3-2e4f5dc1283b
2024-12-31 17:19:16,521 - __main__ - INFO - Checking QR code status: 8a186fa9-7296-4b6a-8926-487d428650b8
2024-12-31 17:19:16,803 - __main__ - INFO - Checking QR code status: e84b3ed3-470f-4599-b5a3-2e4f5dc1283b
2024-12-31 17:19:18,520 - __main__ - INFO - Checking QR code status: 8a186fa9-7296-4b6a-8926-487d428650b8
2024-12-31 17:19:18,803 - __main__ - INFO - Checking QR code status: e84b3ed3-470f-4599-b5a3-2e4f5dc1283b
2024-12-31 17:19:20,521 - __main__ - INFO - Checking QR code status: 8a186fa9-7296-4b6a-8926-487d428650b8
2024-12-31 17:19:20,797 - __main__ - INFO - Checking QR code status: e84b3ed3-470f-4599-b5a3-2e4f5dc1283b
2024-12-31 17:19:22,520 - __main__ - INFO - Checking QR code status: 8a186fa9-7296-4b6a-8926-487d428650b8
2024-12-31 17:19:22,798 - __main__ - INFO - Checking QR code status: e84b3ed3-470f-4599-b5a3-2e4f5dc1283b
2024-12-31 17:19:24,517 - __main__ - INFO - Checking QR code status: 8a186fa9-7296-4b6a-8926-487d428650b8
2024-12-31 17:19:24,799 - __main__ - INFO - Checking QR code status: e84b3ed3-470f-4599-b5a3-2e4f5dc1283b
2024-12-31 17:19:26,521 - __main__ - INFO - Checking QR code status: 8a186fa9-7296-4b6a-8926-487d428650b8
2024-12-31 17:19:26,800 - __main__ - INFO - Checking QR code status: e84b3ed3-470f-4599-b5a3-2e4f5dc1283b
2024-12-31 17:19:28,524 - __main__ - INFO - Checking QR code status: 8a186fa9-7296-4b6a-8926-487d428650b8
2024-12-31 17:19:28,805 - __main__ - INFO - Checking QR code status: e84b3ed3-470f-4599-b5a3-2e4f5dc1283b
2024-12-31 17:19:30,522 - __main__ - INFO - Checking QR code status: 8a186fa9-7296-4b6a-8926-487d428650b8
2024-12-31 17:19:30,803 - __main__ - INFO - Checking QR code status: e84b3ed3-470f-4599-b5a3-2e4f5dc1283b
2024-12-31 17:19:32,519 - __main__ - INFO - Checking QR code status: 8a186fa9-7296-4b6a-8926-487d428650b8
2024-12-31 17:19:32,801 - __main__ - INFO - Checking QR code status: e84b3ed3-470f-4599-b5a3-2e4f5dc1283b
2024-12-31 17:19:34,526 - __main__ - INFO - Checking QR code status: 8a186fa9-7296-4b6a-8926-487d428650b8
2024-12-31 17:19:34,801 - __main__ - INFO - Checking QR code status: e84b3ed3-470f-4599-b5a3-2e4f5dc1283b
2024-12-31 17:19:36,519 - __main__ - INFO - Checking QR code status: 8a186fa9-7296-4b6a-8926-487d428650b8
2024-12-31 17:19:36,796 - __main__ - INFO - Checking QR code status: e84b3ed3-470f-4599-b5a3-2e4f5dc1283b
2024-12-31 17:19:38,518 - __main__ - INFO - Checking QR code status: 8a186fa9-7296-4b6a-8926-487d428650b8
2024-12-31 17:19:38,803 - __main__ - INFO - Checking QR code status: e84b3ed3-470f-4599-b5a3-2e4f5dc1283b
2024-12-31 17:19:40,526 - __main__ - INFO - Checking QR code status: 8a186fa9-7296-4b6a-8926-487d428650b8
2024-12-31 17:19:40,804 - __main__ - INFO - Checking QR code status: e84b3ed3-470f-4599-b5a3-2e4f5dc1283b
2024-12-31 17:19:42,524 - __main__ - INFO - Checking QR code status: 8a186fa9-7296-4b6a-8926-487d428650b8
2024-12-31 17:19:42,801 - __main__ - INFO - Checking QR code status: e84b3ed3-470f-4599-b5a3-2e4f5dc1283b
2024-12-31 17:19:44,523 - __main__ - INFO - Checking QR code status: 8a186fa9-7296-4b6a-8926-487d428650b8
2024-12-31 17:19:44,797 - __main__ - INFO - Checking QR code status: e84b3ed3-470f-4599-b5a3-2e4f5dc1283b
2024-12-31 17:19:46,515 - __main__ - INFO - Checking QR code status: 8a186fa9-7296-4b6a-8926-487d428650b8
2024-12-31 17:19:46,799 - __main__ - INFO - Checking QR code status: e84b3ed3-470f-4599-b5a3-2e4f5dc1283b
2024-12-31 17:19:48,514 - __main__ - INFO - Checking QR code status: 8a186fa9-7296-4b6a-8926-487d428650b8
2024-12-31 17:19:48,798 - __main__ - INFO - Checking QR code status: e84b3ed3-470f-4599-b5a3-2e4f5dc1283b
2024-12-31 17:19:50,518 - __main__ - INFO - Checking QR code status: 8a186fa9-7296-4b6a-8926-487d428650b8
2024-12-31 17:19:50,802 - __main__ - INFO - Checking QR code status: e84b3ed3-470f-4599-b5a3-2e4f5dc1283b
2024-12-31 17:19:52,521 - __main__ - INFO - Checking QR code status: 8a186fa9-7296-4b6a-8926-487d428650b8
2024-12-31 17:19:52,803 - __main__ - INFO - Checking QR code status: e84b3ed3-470f-4599-b5a3-2e4f5dc1283b
2024-12-31 17:19:54,511 - __main__ - INFO - Checking QR code status: 8a186fa9-7296-4b6a-8926-487d428650b8
2024-12-31 17:19:54,811 - __main__ - INFO - Checking QR code status: e84b3ed3-470f-4599-b5a3-2e4f5dc1283b
2024-12-31 17:19:56,517 - __main__ - INFO - Checking QR code status: 8a186fa9-7296-4b6a-8926-487d428650b8
2024-12-31 17:19:56,801 - __main__ - INFO - Checking QR code status: e84b3ed3-470f-4599-b5a3-2e4f5dc1283b
2024-12-31 17:19:58,524 - __main__ - INFO - Checking QR code status: 8a186fa9-7296-4b6a-8926-487d428650b8
2024-12-31 17:19:58,799 - __main__ - INFO - Checking QR code status: e84b3ed3-470f-4599-b5a3-2e4f5dc1283b
2024-12-31 17:20:00,526 - __main__ - INFO - Checking QR code status: 8a186fa9-7296-4b6a-8926-487d428650b8
2024-12-31 17:20:00,799 - __main__ - INFO - Checking QR code status: e84b3ed3-470f-4599-b5a3-2e4f5dc1283b
2024-12-31 17:20:02,517 - __main__ - INFO - Checking QR code status: 8a186fa9-7296-4b6a-8926-487d428650b8
2024-12-31 17:20:02,804 - __main__ - INFO - Checking QR code status: e84b3ed3-470f-4599-b5a3-2e4f5dc1283b
2024-12-31 17:20:04,524 - __main__ - INFO - Checking QR code status: 8a186fa9-7296-4b6a-8926-487d428650b8
2024-12-31 17:20:04,801 - __main__ - INFO - Checking QR code status: e84b3ed3-470f-4599-b5a3-2e4f5dc1283b
2024-12-31 17:20:06,521 - __main__ - INFO - Checking QR code status: 8a186fa9-7296-4b6a-8926-487d428650b8
2024-12-31 17:20:06,804 - __main__ - INFO - Checking QR code status: e84b3ed3-470f-4599-b5a3-2e4f5dc1283b
2024-12-31 17:20:08,518 - __main__ - INFO - Checking QR code status: 8a186fa9-7296-4b6a-8926-487d428650b8
2024-12-31 17:20:08,806 - __main__ - INFO - Checking QR code status: e84b3ed3-470f-4599-b5a3-2e4f5dc1283b
2024-12-31 17:20:10,512 - __main__ - INFO - Checking QR code status: 8a186fa9-7296-4b6a-8926-487d428650b8
2024-12-31 17:20:10,796 - __main__ - INFO - Checking QR code status: e84b3ed3-470f-4599-b5a3-2e4f5dc1283b
2024-12-31 17:20:12,515 - __main__ - INFO - Checking QR code status: 8a186fa9-7296-4b6a-8926-487d428650b8
2024-12-31 17:20:12,802 - __main__ - INFO - Checking QR code status: e84b3ed3-470f-4599-b5a3-2e4f5dc1283b
2024-12-31 17:20:14,524 - __main__ - INFO - Checking QR code status: 8a186fa9-7296-4b6a-8926-487d428650b8
2024-12-31 17:20:14,803 - __main__ - INFO - Checking QR code status: e84b3ed3-470f-4599-b5a3-2e4f5dc1283b
2024-12-31 17:20:16,522 - __main__ - INFO - Checking QR code status: 8a186fa9-7296-4b6a-8926-487d428650b8
2024-12-31 17:20:16,801 - __main__ - INFO - Checking QR code status: e84b3ed3-470f-4599-b5a3-2e4f5dc1283b
2024-12-31 17:20:18,518 - __main__ - INFO - Checking QR code status: 8a186fa9-7296-4b6a-8926-487d428650b8
2024-12-31 17:20:18,811 - __main__ - INFO - Checking QR code status: e84b3ed3-470f-4599-b5a3-2e4f5dc1283b
2024-12-31 17:20:20,519 - __main__ - INFO - Checking QR code status: 8a186fa9-7296-4b6a-8926-487d428650b8
2024-12-31 17:20:20,798 - __main__ - INFO - Checking QR code status: e84b3ed3-470f-4599-b5a3-2e4f5dc1283b
2024-12-31 17:20:22,523 - __main__ - INFO - Checking QR code status: 8a186fa9-7296-4b6a-8926-487d428650b8
2024-12-31 17:20:22,801 - __main__ - INFO - Checking QR code status: e84b3ed3-470f-4599-b5a3-2e4f5dc1283b
2024-12-31 17:20:24,510 - __main__ - INFO - Checking QR code status: 8a186fa9-7296-4b6a-8926-487d428650b8
2024-12-31 17:20:24,799 - __main__ - INFO - Checking QR code status: e84b3ed3-470f-4599-b5a3-2e4f5dc1283b
2024-12-31 17:20:26,523 - __main__ - INFO - Checking QR code status: 8a186fa9-7296-4b6a-8926-487d428650b8
2024-12-31 17:20:26,799 - __main__ - INFO - Checking QR code status: e84b3ed3-470f-4599-b5a3-2e4f5dc1283b
2024-12-31 17:20:28,513 - __main__ - INFO - Checking QR code status: 8a186fa9-7296-4b6a-8926-487d428650b8
2024-12-31 17:20:28,807 - __main__ - INFO - Checking QR code status: e84b3ed3-470f-4599-b5a3-2e4f5dc1283b
2024-12-31 17:20:30,519 - __main__ - INFO - Checking QR code status: 8a186fa9-7296-4b6a-8926-487d428650b8
2024-12-31 17:20:30,798 - __main__ - INFO - Checking QR code status: e84b3ed3-470f-4599-b5a3-2e4f5dc1283b
2024-12-31 17:20:32,515 - __main__ - INFO - Checking QR code status: 8a186fa9-7296-4b6a-8926-487d428650b8
2024-12-31 17:20:32,796 - __main__ - INFO - Checking QR code status: e84b3ed3-470f-4599-b5a3-2e4f5dc1283b
2024-12-31 17:20:34,513 - __main__ - INFO - Checking QR code status: 8a186fa9-7296-4b6a-8926-487d428650b8
2024-12-31 17:20:34,795 - __main__ - INFO - Checking QR code status: e84b3ed3-470f-4599-b5a3-2e4f5dc1283b
2024-12-31 17:20:36,523 - __main__ - INFO - Checking QR code status: 8a186fa9-7296-4b6a-8926-487d428650b8
2024-12-31 17:20:36,804 - __main__ - INFO - Checking QR code status: e84b3ed3-470f-4599-b5a3-2e4f5dc1283b
2024-12-31 17:20:38,521 - __main__ - INFO - Checking QR code status: 8a186fa9-7296-4b6a-8926-487d428650b8
2024-12-31 17:20:38,804 - __main__ - INFO - Checking QR code status: e84b3ed3-470f-4599-b5a3-2e4f5dc1283b
2024-12-31 17:20:40,518 - __main__ - INFO - Checking QR code status: 8a186fa9-7296-4b6a-8926-487d428650b8
2024-12-31 17:20:40,797 - __main__ - INFO - Checking QR code status: e84b3ed3-470f-4599-b5a3-2e4f5dc1283b
2024-12-31 17:20:42,518 - __main__ - INFO - Checking QR code status: 8a186fa9-7296-4b6a-8926-487d428650b8
2024-12-31 17:20:42,802 - __main__ - INFO - Checking QR code status: e84b3ed3-470f-4599-b5a3-2e4f5dc1283b
2024-12-31 17:20:44,513 - __main__ - INFO - Checking QR code status: 8a186fa9-7296-4b6a-8926-487d428650b8
2024-12-31 17:20:44,810 - __main__ - INFO - Checking QR code status: e84b3ed3-470f-4599-b5a3-2e4f5dc1283b
2024-12-31 17:20:46,517 - __main__ - INFO - Checking QR code status: 8a186fa9-7296-4b6a-8926-487d428650b8
2024-12-31 17:20:46,800 - __main__ - INFO - Checking QR code status: e84b3ed3-470f-4599-b5a3-2e4f5dc1283b
2024-12-31 17:20:48,525 - __main__ - INFO - Checking QR code status: 8a186fa9-7296-4b6a-8926-487d428650b8
2024-12-31 17:20:48,803 - __main__ - INFO - Checking QR code status: e84b3ed3-470f-4599-b5a3-2e4f5dc1283b
2024-12-31 17:20:50,517 - __main__ - INFO - Checking QR code status: 8a186fa9-7296-4b6a-8926-487d428650b8
2024-12-31 17:20:50,800 - __main__ - INFO - Checking QR code status: e84b3ed3-470f-4599-b5a3-2e4f5dc1283b
2024-12-31 17:20:52,513 - __main__ - INFO - Checking QR code status: 8a186fa9-7296-4b6a-8926-487d428650b8
2024-12-31 17:20:52,808 - __main__ - INFO - Checking QR code status: e84b3ed3-470f-4599-b5a3-2e4f5dc1283b
2024-12-31 17:20:54,508 - __main__ - INFO - Checking QR code status: 8a186fa9-7296-4b6a-8926-487d428650b8
2024-12-31 17:20:54,798 - __main__ - INFO - Checking QR code status: e84b3ed3-470f-4599-b5a3-2e4f5dc1283b
2024-12-31 17:20:56,519 - __main__ - INFO - Checking QR code status: 8a186fa9-7296-4b6a-8926-487d428650b8
2024-12-31 17:20:56,795 - __main__ - INFO - Checking QR code status: e84b3ed3-470f-4599-b5a3-2e4f5dc1283b
2024-12-31 17:20:58,518 - __main__ - INFO - Checking QR code status: 8a186fa9-7296-4b6a-8926-487d428650b8
2024-12-31 17:20:58,799 - __main__ - INFO - Checking QR code status: e84b3ed3-470f-4599-b5a3-2e4f5dc1283b
2024-12-31 17:21:00,524 - __main__ - INFO - Checking QR code status: 8a186fa9-7296-4b6a-8926-487d428650b8
2024-12-31 17:21:00,804 - __main__ - INFO - Checking QR code status: e84b3ed3-470f-4599-b5a3-2e4f5dc1283b
2024-12-31 17:21:02,517 - __main__ - INFO - Checking QR code status: 8a186fa9-7296-4b6a-8926-487d428650b8
2024-12-31 17:21:02,798 - __main__ - INFO - Checking QR code status: e84b3ed3-470f-4599-b5a3-2e4f5dc1283b
2024-12-31 17:21:04,521 - __main__ - INFO - Checking QR code status: 8a186fa9-7296-4b6a-8926-487d428650b8
2024-12-31 17:21:04,800 - __main__ - INFO - Checking QR code status: e84b3ed3-470f-4599-b5a3-2e4f5dc1283b
2024-12-31 17:21:06,522 - __main__ - INFO - Checking QR code status: 8a186fa9-7296-4b6a-8926-487d428650b8
2024-12-31 17:21:06,801 - __main__ - INFO - Checking QR code status: e84b3ed3-470f-4599-b5a3-2e4f5dc1283b
2024-12-31 17:21:08,521 - __main__ - INFO - Checking QR code status: 8a186fa9-7296-4b6a-8926-487d428650b8
2024-12-31 17:21:08,802 - __main__ - INFO - Checking QR code status: e84b3ed3-470f-4599-b5a3-2e4f5dc1283b
2024-12-31 17:21:10,520 - __main__ - INFO - Checking QR code status: 8a186fa9-7296-4b6a-8926-487d428650b8
2024-12-31 17:21:10,799 - __main__ - INFO - Checking QR code status: e84b3ed3-470f-4599-b5a3-2e4f5dc1283b
2024-12-31 17:21:12,513 - __main__ - INFO - Checking QR code status: 8a186fa9-7296-4b6a-8926-487d428650b8
2024-12-31 17:21:12,801 - __main__ - INFO - Checking QR code status: e84b3ed3-470f-4599-b5a3-2e4f5dc1283b
2024-12-31 17:21:14,515 - __main__ - INFO - Checking QR code status: 8a186fa9-7296-4b6a-8926-487d428650b8
2024-12-31 17:21:14,802 - __main__ - INFO - Checking QR code status: e84b3ed3-470f-4599-b5a3-2e4f5dc1283b
2024-12-31 17:21:16,523 - __main__ - INFO - Checking QR code status: 8a186fa9-7296-4b6a-8926-487d428650b8
2024-12-31 17:21:16,804 - __main__ - INFO - Checking QR code status: e84b3ed3-470f-4599-b5a3-2e4f5dc1283b
2024-12-31 17:21:18,523 - __main__ - INFO - Checking QR code status: 8a186fa9-7296-4b6a-8926-487d428650b8
2024-12-31 17:21:18,804 - __main__ - INFO - Checking QR code status: e84b3ed3-470f-4599-b5a3-2e4f5dc1283b
2024-12-31 17:21:20,516 - __main__ - INFO - Checking QR code status: 8a186fa9-7296-4b6a-8926-487d428650b8
2024-12-31 17:21:20,803 - __main__ - INFO - Checking QR code status: e84b3ed3-470f-4599-b5a3-2e4f5dc1283b
2024-12-31 17:21:22,524 - __main__ - INFO - Checking QR code status: 8a186fa9-7296-4b6a-8926-487d428650b8
2024-12-31 17:21:22,804 - __main__ - INFO - Checking QR code status: e84b3ed3-470f-4599-b5a3-2e4f5dc1283b
2024-12-31 17:21:24,524 - __main__ - INFO - Checking QR code status: 8a186fa9-7296-4b6a-8926-487d428650b8
2024-12-31 17:21:24,801 - __main__ - INFO - Checking QR code status: e84b3ed3-470f-4599-b5a3-2e4f5dc1283b
2024-12-31 17:21:26,520 - __main__ - INFO - Checking QR code status: 8a186fa9-7296-4b6a-8926-487d428650b8
2024-12-31 17:21:26,798 - __main__ - INFO - Checking QR code status: e84b3ed3-470f-4599-b5a3-2e4f5dc1283b
2024-12-31 17:21:28,522 - __main__ - INFO - Checking QR code status: 8a186fa9-7296-4b6a-8926-487d428650b8
2024-12-31 17:21:28,803 - __main__ - INFO - Checking QR code status: e84b3ed3-470f-4599-b5a3-2e4f5dc1283b
2024-12-31 17:21:30,515 - __main__ - INFO - Checking QR code status: 8a186fa9-7296-4b6a-8926-487d428650b8
2024-12-31 17:21:30,797 - __main__ - INFO - Checking QR code status: e84b3ed3-470f-4599-b5a3-2e4f5dc1283b
2024-12-31 17:21:32,510 - __main__ - INFO - Checking QR code status: 8a186fa9-7296-4b6a-8926-487d428650b8
2024-12-31 17:21:32,791 - __main__ - INFO - Checking QR code status: e84b3ed3-470f-4599-b5a3-2e4f5dc1283b
2024-12-31 17:21:34,514 - __main__ - INFO - Checking QR code status: 8a186fa9-7296-4b6a-8926-487d428650b8
2024-12-31 17:21:34,796 - __main__ - INFO - Checking QR code status: e84b3ed3-470f-4599-b5a3-2e4f5dc1283b
2024-12-31 17:21:36,519 - __main__ - INFO - Checking QR code status: 8a186fa9-7296-4b6a-8926-487d428650b8
2024-12-31 17:21:36,799 - __main__ - INFO - Checking QR code status: e84b3ed3-470f-4599-b5a3-2e4f5dc1283b
2024-12-31 17:21:38,517 - __main__ - INFO - Checking QR code status: 8a186fa9-7296-4b6a-8926-487d428650b8
2024-12-31 17:21:38,805 - __main__ - INFO - Checking QR code status: e84b3ed3-470f-4599-b5a3-2e4f5dc1283b
2024-12-31 17:21:40,515 - __main__ - INFO - Checking QR code status: 8a186fa9-7296-4b6a-8926-487d428650b8
2024-12-31 17:21:40,795 - __main__ - INFO - Checking QR code status: e84b3ed3-470f-4599-b5a3-2e4f5dc1283b
2024-12-31 17:21:42,517 - __main__ - INFO - Checking QR code status: 8a186fa9-7296-4b6a-8926-487d428650b8
2024-12-31 17:21:42,803 - __main__ - INFO - Checking QR code status: e84b3ed3-470f-4599-b5a3-2e4f5dc1283b
2024-12-31 17:21:44,516 - __main__ - INFO - Checking QR code status: 8a186fa9-7296-4b6a-8926-487d428650b8
2024-12-31 17:21:44,794 - __main__ - INFO - Checking QR code status: e84b3ed3-470f-4599-b5a3-2e4f5dc1283b
2024-12-31 17:21:46,519 - __main__ - INFO - Checking QR code status: 8a186fa9-7296-4b6a-8926-487d428650b8
2024-12-31 17:21:46,799 - __main__ - INFO - Checking QR code status: e84b3ed3-470f-4599-b5a3-2e4f5dc1283b
2024-12-31 17:21:48,520 - __main__ - INFO - Checking QR code status: 8a186fa9-7296-4b6a-8926-487d428650b8
2024-12-31 17:21:48,798 - __main__ - INFO - Checking QR code status: e84b3ed3-470f-4599-b5a3-2e4f5dc1283b
2024-12-31 17:21:50,520 - __main__ - INFO - Checking QR code status: 8a186fa9-7296-4b6a-8926-487d428650b8
2024-12-31 17:21:50,804 - __main__ - INFO - Checking QR code status: e84b3ed3-470f-4599-b5a3-2e4f5dc1283b
2024-12-31 17:21:52,514 - __main__ - INFO - Checking QR code status: 8a186fa9-7296-4b6a-8926-487d428650b8
2024-12-31 17:21:52,798 - __main__ - INFO - Checking QR code status: e84b3ed3-470f-4599-b5a3-2e4f5dc1283b
2024-12-31 17:21:54,520 - __main__ - INFO - Checking QR code status: 8a186fa9-7296-4b6a-8926-487d428650b8
2024-12-31 17:21:54,805 - __main__ - INFO - Checking QR code status: e84b3ed3-470f-4599-b5a3-2e4f5dc1283b
2024-12-31 17:21:56,524 - __main__ - INFO - Checking QR code status: 8a186fa9-7296-4b6a-8926-487d428650b8
2024-12-31 17:21:56,800 - __main__ - INFO - Checking QR code status: e84b3ed3-470f-4599-b5a3-2e4f5dc1283b
2024-12-31 17:21:58,521 - __main__ - INFO - Checking QR code status: 8a186fa9-7296-4b6a-8926-487d428650b8
2024-12-31 17:21:58,800 - __main__ - INFO - Checking QR code status: e84b3ed3-470f-4599-b5a3-2e4f5dc1283b
2024-12-31 17:22:00,517 - __main__ - INFO - Checking QR code status: 8a186fa9-7296-4b6a-8926-487d428650b8
2024-12-31 17:22:00,807 - __main__ - INFO - Checking QR code status: e84b3ed3-470f-4599-b5a3-2e4f5dc1283b
2024-12-31 17:22:02,525 - __main__ - INFO - Checking QR code status: 8a186fa9-7296-4b6a-8926-487d428650b8
2024-12-31 17:22:02,801 - __main__ - INFO - Checking QR code status: e84b3ed3-470f-4599-b5a3-2e4f5dc1283b
2024-12-31 17:22:04,525 - __main__ - INFO - Checking QR code status: 8a186fa9-7296-4b6a-8926-487d428650b8
2024-12-31 17:22:04,804 - __main__ - INFO - Checking QR code status: e84b3ed3-470f-4599-b5a3-2e4f5dc1283b
2024-12-31 17:22:06,514 - __main__ - INFO - Checking QR code status: 8a186fa9-7296-4b6a-8926-487d428650b8
2024-12-31 17:22:06,799 - __main__ - INFO - Checking QR code status: e84b3ed3-470f-4599-b5a3-2e4f5dc1283b
2024-12-31 17:22:08,519 - __main__ - INFO - Checking QR code status: 8a186fa9-7296-4b6a-8926-487d428650b8
2024-12-31 17:22:08,804 - __main__ - INFO - Checking QR code status: e84b3ed3-470f-4599-b5a3-2e4f5dc1283b
2024-12-31 17:22:10,517 - __main__ - INFO - Checking QR code status: 8a186fa9-7296-4b6a-8926-487d428650b8
2024-12-31 17:22:10,797 - __main__ - INFO - Checking QR code status: e84b3ed3-470f-4599-b5a3-2e4f5dc1283b
2024-12-31 17:22:12,517 - __main__ - INFO - Checking QR code status: 8a186fa9-7296-4b6a-8926-487d428650b8
2024-12-31 17:22:12,805 - __main__ - INFO - Checking QR code status: e84b3ed3-470f-4599-b5a3-2e4f5dc1283b
2024-12-31 17:22:14,520 - __main__ - INFO - Checking QR code status: 8a186fa9-7296-4b6a-8926-487d428650b8
2024-12-31 17:22:14,801 - __main__ - INFO - Checking QR code status: e84b3ed3-470f-4599-b5a3-2e4f5dc1283b
2024-12-31 17:22:16,517 - __main__ - INFO - Checking QR code status: 8a186fa9-7296-4b6a-8926-487d428650b8
2024-12-31 17:22:16,804 - __main__ - INFO - Checking QR code status: e84b3ed3-470f-4599-b5a3-2e4f5dc1283b
2024-12-31 17:22:18,518 - __main__ - INFO - Checking QR code status: 8a186fa9-7296-4b6a-8926-487d428650b8
2024-12-31 17:22:18,804 - __main__ - INFO - Checking QR code status: e84b3ed3-470f-4599-b5a3-2e4f5dc1283b
2024-12-31 17:22:20,526 - __main__ - INFO - Checking QR code status: 8a186fa9-7296-4b6a-8926-487d428650b8
2024-12-31 17:22:20,805 - __main__ - INFO - Checking QR code status: e84b3ed3-470f-4599-b5a3-2e4f5dc1283b
2024-12-31 17:22:22,515 - __main__ - INFO - Checking QR code status: 8a186fa9-7296-4b6a-8926-487d428650b8
2024-12-31 17:22:22,800 - __main__ - INFO - Checking QR code status: e84b3ed3-470f-4599-b5a3-2e4f5dc1283b
2024-12-31 17:22:24,522 - __main__ - INFO - Checking QR code status: 8a186fa9-7296-4b6a-8926-487d428650b8
2024-12-31 17:22:24,801 - __main__ - INFO - Checking QR code status: e84b3ed3-470f-4599-b5a3-2e4f5dc1283b
2024-12-31 17:22:26,520 - __main__ - INFO - Checking QR code status: 8a186fa9-7296-4b6a-8926-487d428650b8
2024-12-31 17:22:26,806 - __main__ - INFO - Checking QR code status: e84b3ed3-470f-4599-b5a3-2e4f5dc1283b
2024-12-31 17:22:28,510 - __main__ - INFO - Checking QR code status: 8a186fa9-7296-4b6a-8926-487d428650b8
2024-12-31 17:22:28,805 - __main__ - INFO - Checking QR code status: e84b3ed3-470f-4599-b5a3-2e4f5dc1283b
2024-12-31 17:22:30,520 - __main__ - INFO - Checking QR code status: 8a186fa9-7296-4b6a-8926-487d428650b8
2024-12-31 17:22:30,799 - __main__ - INFO - Checking QR code status: e84b3ed3-470f-4599-b5a3-2e4f5dc1283b
2024-12-31 17:22:32,518 - __main__ - INFO - Checking QR code status: 8a186fa9-7296-4b6a-8926-487d428650b8
2024-12-31 17:22:32,793 - __main__ - INFO - Checking QR code status: e84b3ed3-470f-4599-b5a3-2e4f5dc1283b
2024-12-31 17:22:34,519 - __main__ - INFO - Checking QR code status: 8a186fa9-7296-4b6a-8926-487d428650b8
2024-12-31 17:22:34,801 - __main__ - INFO - Checking QR code status: e84b3ed3-470f-4599-b5a3-2e4f5dc1283b
2024-12-31 17:22:36,515 - __main__ - INFO - Checking QR code status: 8a186fa9-7296-4b6a-8926-487d428650b8
2024-12-31 17:22:38,510 - __main__ - INFO - Checking QR code status: 8a186fa9-7296-4b6a-8926-487d428650b8
