2024-12-31 10:06:30,323 - __main__ - INFO - Application starting...
2024-12-31 10:06:30,327 - __main__ - INFO - Redis connection successful
2024-12-31 10:06:30,370 - __main__ - INFO - Starting Flask application...
2024-12-31 10:06:33,889 - __main__ - INFO - Checking QR code status: 5cab6f93-4dd0-4944-9ae8-fe8f113f90c8
2024-12-31 10:06:34,289 - __main__ - INFO - Checking QR code status: 5cab6f93-4dd0-4944-9ae8-fe8f113f90c8
2024-12-31 10:06:35,224 - __main__ - INFO - Rendering login page
2024-12-31 10:06:35,253 - __main__ - INFO - Generating new captcha
2024-12-31 10:06:35,253 - __main__ - DEBUG - Generated captcha text: QJ37
2024-12-31 10:06:35,264 - __main__ - DEBUG - Stored captcha_id in session: ab9da8ea-c1c6-4fb5-8cc2-9d3e816197a3
2024-12-31 10:06:35,286 - __main__ - INFO - Captcha generated successfully
2024-12-31 10:06:36,135 - __main__ - INFO - Rendering login page
2024-12-31 10:06:36,168 - __main__ - INFO - Generating new captcha
2024-12-31 10:06:36,171 - __main__ - DEBUG - Generated captcha text: FD5Z
2024-12-31 10:06:36,173 - __main__ - DEBUG - Stored captcha_id in session: c46d43fc-ef4f-4ba2-ad97-f8304bc89b62
2024-12-31 10:06:36,183 - __main__ - INFO - Captcha generated successfully
2024-12-31 10:06:36,701 - __main__ - INFO - Rendering login page
2024-12-31 10:06:36,731 - __main__ - INFO - Generating new captcha
2024-12-31 10:06:36,732 - __main__ - DEBUG - Generated captcha text: EVA0
2024-12-31 10:06:36,733 - __main__ - DEBUG - Stored captcha_id in session: 914d0367-511b-4549-8f31-ab2ed4b12c03
2024-12-31 10:06:36,741 - __main__ - INFO - Captcha generated successfully
2024-12-31 10:06:37,134 - __main__ - INFO - Rendering login page
2024-12-31 10:06:37,158 - __main__ - INFO - Generating new captcha
2024-12-31 10:06:37,158 - __main__ - DEBUG - Generated captcha text: P9ZN
2024-12-31 10:06:37,160 - __main__ - DEBUG - Stored captcha_id in session: 7c4921fe-528d-45de-9c55-1a289d7e3fd1
2024-12-31 10:06:37,168 - __main__ - INFO - Captcha generated successfully
2024-12-31 10:06:37,432 - __main__ - INFO - Rendering login page
2024-12-31 10:06:37,461 - __main__ - INFO - Generating new captcha
2024-12-31 10:06:37,463 - __main__ - DEBUG - Generated captcha text: 9E4S
2024-12-31 10:06:37,465 - __main__ - DEBUG - Stored captcha_id in session: ed8ab15f-c240-4d41-a50c-0c568ea0681e
2024-12-31 10:06:37,473 - __main__ - INFO - Captcha generated successfully
2024-12-31 10:06:37,649 - __main__ - INFO - Rendering login page
2024-12-31 10:06:37,678 - __main__ - INFO - Generating new captcha
2024-12-31 10:06:37,679 - __main__ - DEBUG - Generated captcha text: OHYG
2024-12-31 10:06:37,680 - __main__ - DEBUG - Stored captcha_id in session: 5db35fd5-987f-4c0e-9a56-7f71eeb55400
2024-12-31 10:06:37,691 - __main__ - INFO - Captcha generated successfully
2024-12-31 10:06:37,946 - __main__ - INFO - Rendering login page
2024-12-31 10:06:37,973 - __main__ - INFO - Generating new captcha
2024-12-31 10:06:37,974 - __main__ - DEBUG - Generated captcha text: 21XN
2024-12-31 10:06:37,975 - __main__ - DEBUG - Stored captcha_id in session: 9a9fe2fc-3ffb-4353-bf12-b7f3ac0a1969
2024-12-31 10:06:37,978 - __main__ - INFO - Captcha generated successfully
2024-12-31 10:06:38,253 - __main__ - INFO - Rendering login page
2024-12-31 10:06:38,278 - __main__ - INFO - Generating new captcha
2024-12-31 10:06:38,281 - __main__ - DEBUG - Generated captcha text: H5VT
2024-12-31 10:06:38,281 - __main__ - DEBUG - Stored captcha_id in session: 0ed94525-a20a-4430-87e7-586e7eddc340
2024-12-31 10:06:38,288 - __main__ - INFO - Captcha generated successfully
2024-12-31 10:06:38,460 - __main__ - INFO - Rendering login page
2024-12-31 10:06:38,490 - __main__ - INFO - Generating new captcha
2024-12-31 10:06:38,491 - __main__ - DEBUG - Generated captcha text: PWZR
2024-12-31 10:06:38,492 - __main__ - DEBUG - Stored captcha_id in session: f465a097-eff3-4252-a182-6b7f3d30096d
2024-12-31 10:06:38,502 - __main__ - INFO - Captcha generated successfully
2024-12-31 10:06:38,674 - __main__ - INFO - Rendering login page
2024-12-31 10:06:38,701 - __main__ - INFO - Generating new captcha
2024-12-31 10:06:38,704 - __main__ - DEBUG - Generated captcha text: 14VC
2024-12-31 10:06:38,706 - __main__ - DEBUG - Stored captcha_id in session: 6fdae70b-7718-4a9a-a93e-4897796bc37c
2024-12-31 10:06:38,713 - __main__ - INFO - Captcha generated successfully
2024-12-31 10:06:39,692 - __main__ - INFO - Generating QR code
2024-12-31 10:06:39,704 - __main__ - INFO - QR code generated successfully
2024-12-31 10:06:41,727 - __main__ - INFO - Checking QR code status: ce1c2248-15e4-4699-b3c4-7cadd3463715
2024-12-31 10:06:43,689 - __main__ - INFO - Generating QR code
2024-12-31 10:06:43,699 - __main__ - INFO - QR code generated successfully
2024-12-31 10:06:43,717 - __main__ - INFO - Checking QR code status: ce1c2248-15e4-4699-b3c4-7cadd3463715
2024-12-31 10:06:45,705 - __main__ - INFO - Checking QR code status: 4079631d-00de-4b05-8839-8f6445c3df10
2024-12-31 10:06:45,711 - __main__ - INFO - Checking QR code status: ce1c2248-15e4-4699-b3c4-7cadd3463715
2024-12-31 10:06:47,714 - __main__ - INFO - Checking QR code status: 4079631d-00de-4b05-8839-8f6445c3df10
2024-12-31 10:06:47,715 - __main__ - INFO - Checking QR code status: ce1c2248-15e4-4699-b3c4-7cadd3463715
2024-12-31 10:06:48,646 - __main__ - INFO - Generating new captcha
2024-12-31 10:06:48,647 - __main__ - DEBUG - Generated captcha text: ZC62
2024-12-31 10:06:48,647 - __main__ - DEBUG - Stored captcha_id in session: 58f5bece-4ea5-46e0-9d87-f1742bb4a0a1
2024-12-31 10:06:48,650 - __main__ - INFO - Captcha generated successfully
2024-12-31 10:06:49,414 - __main__ - INFO - Generating new captcha
2024-12-31 10:06:49,415 - __main__ - DEBUG - Generated captcha text: 0LAP
2024-12-31 10:06:49,415 - __main__ - DEBUG - Stored captcha_id in session: ef632127-a86a-4e25-a092-a9b24ea9f83f
2024-12-31 10:06:49,420 - __main__ - INFO - Captcha generated successfully
2024-12-31 10:06:49,716 - __main__ - INFO - Checking QR code status: 4079631d-00de-4b05-8839-8f6445c3df10
2024-12-31 10:06:49,719 - __main__ - INFO - Checking QR code status: ce1c2248-15e4-4699-b3c4-7cadd3463715
2024-12-31 10:06:50,090 - __main__ - INFO - Generating new captcha
2024-12-31 10:06:50,090 - __main__ - DEBUG - Generated captcha text: OBDG
2024-12-31 10:06:50,091 - __main__ - DEBUG - Stored captcha_id in session: 3d5a4425-6248-43c0-a823-36c5e34f78a9
2024-12-31 10:06:50,094 - __main__ - INFO - Captcha generated successfully
2024-12-31 10:06:50,903 - __main__ - INFO - Generating new captcha
2024-12-31 10:06:50,903 - __main__ - DEBUG - Generated captcha text: X3M1
2024-12-31 10:06:50,904 - __main__ - DEBUG - Stored captcha_id in session: 017beb96-21b4-43c5-9d86-9922ac19be18
2024-12-31 10:06:50,907 - __main__ - INFO - Captcha generated successfully
2024-12-31 10:06:51,706 - __main__ - INFO - Checking QR code status: 4079631d-00de-4b05-8839-8f6445c3df10
2024-12-31 10:06:51,711 - __main__ - INFO - Checking QR code status: ce1c2248-15e4-4699-b3c4-7cadd3463715
2024-12-31 10:06:53,720 - __main__ - INFO - Checking QR code status: 4079631d-00de-4b05-8839-8f6445c3df10
2024-12-31 10:06:53,724 - __main__ - INFO - Checking QR code status: ce1c2248-15e4-4699-b3c4-7cadd3463715
2024-12-31 10:06:55,707 - __main__ - INFO - Checking QR code status: 4079631d-00de-4b05-8839-8f6445c3df10
2024-12-31 10:06:55,713 - __main__ - INFO - Checking QR code status: ce1c2248-15e4-4699-b3c4-7cadd3463715
2024-12-31 10:06:57,716 - __main__ - INFO - Checking QR code status: 4079631d-00de-4b05-8839-8f6445c3df10
2024-12-31 10:06:57,717 - __main__ - INFO - Checking QR code status: ce1c2248-15e4-4699-b3c4-7cadd3463715
2024-12-31 10:06:59,715 - __main__ - INFO - Checking QR code status: 4079631d-00de-4b05-8839-8f6445c3df10
2024-12-31 10:06:59,716 - __main__ - INFO - Checking QR code status: ce1c2248-15e4-4699-b3c4-7cadd3463715
2024-12-31 10:07:01,711 - __main__ - INFO - Checking QR code status: 4079631d-00de-4b05-8839-8f6445c3df10
2024-12-31 10:07:01,712 - __main__ - INFO - Checking QR code status: ce1c2248-15e4-4699-b3c4-7cadd3463715
2024-12-31 10:07:03,706 - __main__ - INFO - Checking QR code status: 4079631d-00de-4b05-8839-8f6445c3df10
2024-12-31 10:07:03,711 - __main__ - INFO - Checking QR code status: ce1c2248-15e4-4699-b3c4-7cadd3463715
2024-12-31 10:07:05,710 - __main__ - INFO - Checking QR code status: 4079631d-00de-4b05-8839-8f6445c3df10
2024-12-31 10:07:05,712 - __main__ - INFO - Checking QR code status: ce1c2248-15e4-4699-b3c4-7cadd3463715
2024-12-31 10:07:07,712 - __main__ - INFO - Checking QR code status: 4079631d-00de-4b05-8839-8f6445c3df10
2024-12-31 10:07:07,712 - __main__ - INFO - Checking QR code status: ce1c2248-15e4-4699-b3c4-7cadd3463715
2024-12-31 10:07:09,714 - __main__ - INFO - Checking QR code status: 4079631d-00de-4b05-8839-8f6445c3df10
2024-12-31 10:07:09,717 - __main__ - INFO - Checking QR code status: ce1c2248-15e4-4699-b3c4-7cadd3463715
2024-12-31 10:07:11,715 - __main__ - INFO - Checking QR code status: 4079631d-00de-4b05-8839-8f6445c3df10
2024-12-31 10:07:11,717 - __main__ - INFO - Checking QR code status: ce1c2248-15e4-4699-b3c4-7cadd3463715
2024-12-31 10:07:13,706 - __main__ - INFO - Checking QR code status: 4079631d-00de-4b05-8839-8f6445c3df10
2024-12-31 10:07:13,711 - __main__ - INFO - Checking QR code status: ce1c2248-15e4-4699-b3c4-7cadd3463715
2024-12-31 10:07:15,887 - __main__ - INFO - Checking QR code status: 4079631d-00de-4b05-8839-8f6445c3df10
2024-12-31 10:07:15,890 - __main__ - INFO - Checking QR code status: ce1c2248-15e4-4699-b3c4-7cadd3463715
2024-12-31 10:07:17,884 - __main__ - INFO - Checking QR code status: 4079631d-00de-4b05-8839-8f6445c3df10
2024-12-31 10:07:17,885 - __main__ - INFO - Checking QR code status: ce1c2248-15e4-4699-b3c4-7cadd3463715
2024-12-31 10:07:19,883 - __main__ - INFO - Checking QR code status: 4079631d-00de-4b05-8839-8f6445c3df10
2024-12-31 10:07:19,885 - __main__ - INFO - Checking QR code status: ce1c2248-15e4-4699-b3c4-7cadd3463715
2024-12-31 10:07:21,880 - __main__ - INFO - Checking QR code status: 4079631d-00de-4b05-8839-8f6445c3df10
2024-12-31 10:07:21,882 - __main__ - INFO - Checking QR code status: ce1c2248-15e4-4699-b3c4-7cadd3463715
2024-12-31 10:07:23,883 - __main__ - INFO - Checking QR code status: 4079631d-00de-4b05-8839-8f6445c3df10
2024-12-31 10:07:23,884 - __main__ - INFO - Checking QR code status: ce1c2248-15e4-4699-b3c4-7cadd3463715
2024-12-31 10:07:25,885 - __main__ - INFO - Checking QR code status: 4079631d-00de-4b05-8839-8f6445c3df10
2024-12-31 10:07:25,887 - __main__ - INFO - Checking QR code status: ce1c2248-15e4-4699-b3c4-7cadd3463715
2024-12-31 10:07:27,898 - __main__ - INFO - Checking QR code status: 4079631d-00de-4b05-8839-8f6445c3df10
2024-12-31 10:07:27,900 - __main__ - INFO - Checking QR code status: ce1c2248-15e4-4699-b3c4-7cadd3463715
2024-12-31 10:07:29,888 - __main__ - INFO - Checking QR code status: 4079631d-00de-4b05-8839-8f6445c3df10
2024-12-31 10:07:29,890 - __main__ - INFO - Checking QR code status: ce1c2248-15e4-4699-b3c4-7cadd3463715
2024-12-31 10:07:31,882 - __main__ - INFO - Checking QR code status: 4079631d-00de-4b05-8839-8f6445c3df10
2024-12-31 10:07:31,882 - __main__ - INFO - Checking QR code status: ce1c2248-15e4-4699-b3c4-7cadd3463715
2024-12-31 10:07:33,879 - __main__ - INFO - Checking QR code status: 4079631d-00de-4b05-8839-8f6445c3df10
2024-12-31 10:07:33,880 - __main__ - INFO - Checking QR code status: ce1c2248-15e4-4699-b3c4-7cadd3463715
2024-12-31 10:07:35,880 - __main__ - INFO - Checking QR code status: 4079631d-00de-4b05-8839-8f6445c3df10
2024-12-31 10:07:35,881 - __main__ - INFO - Checking QR code status: ce1c2248-15e4-4699-b3c4-7cadd3463715
2024-12-31 10:07:37,892 - __main__ - INFO - Checking QR code status: 4079631d-00de-4b05-8839-8f6445c3df10
2024-12-31 10:07:37,893 - __main__ - INFO - Checking QR code status: ce1c2248-15e4-4699-b3c4-7cadd3463715
2024-12-31 10:07:39,881 - __main__ - INFO - Checking QR code status: 4079631d-00de-4b05-8839-8f6445c3df10
2024-12-31 10:07:39,881 - __main__ - INFO - Checking QR code status: ce1c2248-15e4-4699-b3c4-7cadd3463715
2024-12-31 10:07:41,882 - __main__ - INFO - Checking QR code status: 4079631d-00de-4b05-8839-8f6445c3df10
2024-12-31 10:07:41,883 - __main__ - INFO - Checking QR code status: ce1c2248-15e4-4699-b3c4-7cadd3463715
2024-12-31 10:07:43,884 - __main__ - INFO - Checking QR code status: 4079631d-00de-4b05-8839-8f6445c3df10
2024-12-31 10:07:43,886 - __main__ - INFO - Checking QR code status: ce1c2248-15e4-4699-b3c4-7cadd3463715
2024-12-31 10:07:45,892 - __main__ - INFO - Checking QR code status: 4079631d-00de-4b05-8839-8f6445c3df10
2024-12-31 10:07:45,896 - __main__ - INFO - Checking QR code status: ce1c2248-15e4-4699-b3c4-7cadd3463715
2024-12-31 10:07:47,881 - __main__ - INFO - Checking QR code status: 4079631d-00de-4b05-8839-8f6445c3df10
2024-12-31 10:07:47,882 - __main__ - INFO - Checking QR code status: ce1c2248-15e4-4699-b3c4-7cadd3463715
2024-12-31 10:07:49,890 - __main__ - INFO - Checking QR code status: 4079631d-00de-4b05-8839-8f6445c3df10
2024-12-31 10:07:49,894 - __main__ - INFO - Checking QR code status: ce1c2248-15e4-4699-b3c4-7cadd3463715
2024-12-31 10:07:51,898 - __main__ - INFO - Checking QR code status: 4079631d-00de-4b05-8839-8f6445c3df10
2024-12-31 10:07:51,902 - __main__ - INFO - Checking QR code status: ce1c2248-15e4-4699-b3c4-7cadd3463715
2024-12-31 10:07:53,894 - __main__ - INFO - Checking QR code status: 4079631d-00de-4b05-8839-8f6445c3df10
2024-12-31 10:07:53,894 - __main__ - INFO - Checking QR code status: ce1c2248-15e4-4699-b3c4-7cadd3463715
2024-12-31 10:07:55,881 - __main__ - INFO - Checking QR code status: 4079631d-00de-4b05-8839-8f6445c3df10
2024-12-31 10:07:55,882 - __main__ - INFO - Checking QR code status: ce1c2248-15e4-4699-b3c4-7cadd3463715
2024-12-31 10:07:57,883 - __main__ - INFO - Checking QR code status: 4079631d-00de-4b05-8839-8f6445c3df10
2024-12-31 10:07:57,884 - __main__ - INFO - Checking QR code status: ce1c2248-15e4-4699-b3c4-7cadd3463715
2024-12-31 10:07:59,891 - __main__ - INFO - Checking QR code status: 4079631d-00de-4b05-8839-8f6445c3df10
2024-12-31 10:07:59,892 - __main__ - INFO - Checking QR code status: ce1c2248-15e4-4699-b3c4-7cadd3463715
2024-12-31 10:08:01,886 - __main__ - INFO - Checking QR code status: 4079631d-00de-4b05-8839-8f6445c3df10
2024-12-31 10:08:01,889 - __main__ - INFO - Checking QR code status: ce1c2248-15e4-4699-b3c4-7cadd3463715
2024-12-31 10:08:03,891 - __main__ - INFO - Checking QR code status: 4079631d-00de-4b05-8839-8f6445c3df10
2024-12-31 10:08:03,893 - __main__ - INFO - Checking QR code status: ce1c2248-15e4-4699-b3c4-7cadd3463715
2024-12-31 10:08:05,887 - __main__ - INFO - Checking QR code status: 4079631d-00de-4b05-8839-8f6445c3df10
2024-12-31 10:08:05,889 - __main__ - INFO - Checking QR code status: ce1c2248-15e4-4699-b3c4-7cadd3463715
2024-12-31 10:08:07,888 - __main__ - INFO - Checking QR code status: 4079631d-00de-4b05-8839-8f6445c3df10
2024-12-31 10:08:07,890 - __main__ - INFO - Checking QR code status: ce1c2248-15e4-4699-b3c4-7cadd3463715
2024-12-31 10:08:09,891 - __main__ - INFO - Checking QR code status: 4079631d-00de-4b05-8839-8f6445c3df10
2024-12-31 10:08:09,892 - __main__ - INFO - Checking QR code status: ce1c2248-15e4-4699-b3c4-7cadd3463715
2024-12-31 10:08:11,879 - __main__ - INFO - Checking QR code status: 4079631d-00de-4b05-8839-8f6445c3df10
2024-12-31 10:08:11,880 - __main__ - INFO - Checking QR code status: ce1c2248-15e4-4699-b3c4-7cadd3463715
2024-12-31 10:08:13,889 - __main__ - INFO - Checking QR code status: 4079631d-00de-4b05-8839-8f6445c3df10
2024-12-31 10:08:13,890 - __main__ - INFO - Checking QR code status: ce1c2248-15e4-4699-b3c4-7cadd3463715
