2024-12-31 01:37:34,160 - __main__ - INFO - Application starting...
2024-12-31 01:37:34,165 - __main__ - INFO - Redis connection successful
2024-12-31 01:37:34,166 - __main__ - INFO - Starting Flask application...
2024-12-31 01:37:34,523 - __main__ - INFO - Application starting...
2024-12-31 01:37:34,528 - __main__ - INFO - Redis connection successful
2024-12-31 01:37:34,529 - __main__ - INFO - Starting Flask application...
2024-12-31 01:37:49,079 - __main__ - INFO - Generating new captcha
2024-12-31 01:37:49,080 - __main__ - DEBUG - Generated captcha text: IYFD
2024-12-31 01:37:49,081 - __main__ - DEBUG - Stored captcha_id in session: d1954ee9-9b91-4653-89b3-2fda7ed121a1
2024-12-31 01:37:49,089 - __main__ - ERROR - Captcha generation failed: 'ImageDraw' object has no attribute 'textsize'
2024-12-31 01:37:49,100 - __main__ - ERROR - Traceback (most recent call last):
  File "D:\cursortest\test1\app.py", line 95, in get_captcha
    image = image_captcha.generate(captcha_text)
            ^^^^^^^^^^^^^^^^^^^^^^^^^^^^^^^^^^^^
  File "C:\Python312\Lib\site-packages\captcha\image.py", line 45, in generate
    im = self.generate_image(chars)
         ^^^^^^^^^^^^^^^^^^^^^^^^^^
  File "C:\Python312\Lib\site-packages\captcha\image.py", line 228, in generate_image
    im = self.create_captcha_image(chars, color, background)
         ^^^^^^^^^^^^^^^^^^^^^^^^^^^^^^^^^^^^^^^^^^^^^^^^^^^
  File "C:\Python312\Lib\site-packages\captcha\image.py", line 199, in create_captcha_image
    images.append(_draw_character(c))
                  ^^^^^^^^^^^^^^^^^^
  File "C:\Python312\Lib\site-packages\captcha\image.py", line 165, in _draw_character
    w, h = draw.textsize(c, font=font)
           ^^^^^^^^^^^^^
AttributeError: 'ImageDraw' object has no attribute 'textsize'

