2024-12-31 01:46:02,444 - __main__ - INFO - Application starting...
2024-12-31 01:46:02,448 - __main__ - INFO - Redis connection successful
2024-12-31 01:46:02,450 - __main__ - INFO - Starting Flask application...
2024-12-31 01:46:02,801 - __main__ - INFO - Application starting...
2024-12-31 01:46:02,806 - __main__ - INFO - Redis connection successful
2024-12-31 01:46:02,807 - __main__ - INFO - Starting Flask application...
2024-12-31 01:46:16,932 - __main__ - INFO - Rendering login page
2024-12-31 01:46:16,981 - __main__ - INFO - Generating new captcha
2024-12-31 01:46:16,981 - __main__ - DEBUG - Generated captcha text: 0IFZ
2024-12-31 01:46:16,993 - __main__ - DEBUG - Stored captcha_id in session: 09b83bbc-74d2-4d61-a4e6-c37e4ae2520c
2024-12-31 01:46:17,007 - __main__ - INFO - Captcha generated successfully
2024-12-31 01:46:21,109 - __main__ - INFO - Generating new captcha
2024-12-31 01:46:21,109 - __main__ - DEBUG - Generated captcha text: EO8S
2024-12-31 01:46:21,109 - __main__ - DEBUG - Stored captcha_id in session: 0a4476a5-21a6-4a84-8c8e-78ea0d82d341
2024-12-31 01:46:21,113 - __main__ - INFO - Captcha generated successfully
2024-12-31 01:46:22,034 - __main__ - INFO - Generating new captcha
2024-12-31 01:46:22,035 - __main__ - DEBUG - Generated captcha text: RHEG
2024-12-31 01:46:22,035 - __main__ - DEBUG - Stored captcha_id in session: a486b704-10d5-4214-b6da-e12a02c35765
2024-12-31 01:46:22,040 - __main__ - INFO - Captcha generated successfully
2024-12-31 01:46:22,763 - __main__ - INFO - Generating new captcha
2024-12-31 01:46:22,763 - __main__ - DEBUG - Generated captcha text: X8CP
2024-12-31 01:46:22,764 - __main__ - DEBUG - Stored captcha_id in session: 4cab878d-e661-48e9-82e2-711afe0a10d6
2024-12-31 01:46:22,767 - __main__ - INFO - Captcha generated successfully
2024-12-31 01:46:23,447 - __main__ - INFO - Generating new captcha
2024-12-31 01:46:23,447 - __main__ - DEBUG - Generated captcha text: ZUMB
2024-12-31 01:46:23,447 - __main__ - DEBUG - Stored captcha_id in session: 888c8b0a-5956-4741-94b5-9357ec01b817
2024-12-31 01:46:23,450 - __main__ - INFO - Captcha generated successfully
2024-12-31 01:46:24,179 - __main__ - INFO - Generating new captcha
2024-12-31 01:46:24,179 - __main__ - DEBUG - Generated captcha text: 4SIB
2024-12-31 01:46:24,180 - __main__ - DEBUG - Stored captcha_id in session: 03b232ce-c505-48c7-9cb7-f86a2227fbac
2024-12-31 01:46:24,183 - __main__ - INFO - Captcha generated successfully
2024-12-31 01:46:25,106 - __main__ - INFO - Generating new captcha
2024-12-31 01:46:25,107 - __main__ - DEBUG - Generated captcha text: OD65
2024-12-31 01:46:25,107 - __main__ - DEBUG - Stored captcha_id in session: 6324608c-9460-45ba-b928-9a0e8adf30cf
2024-12-31 01:46:25,110 - __main__ - INFO - Captcha generated successfully
2024-12-31 01:46:28,084 - __main__ - INFO - Generating new captcha
2024-12-31 01:46:28,085 - __main__ - DEBUG - Generated captcha text: U0NC
2024-12-31 01:46:28,085 - __main__ - DEBUG - Stored captcha_id in session: 026d721d-2760-454a-bfc6-c44a3ea83659
2024-12-31 01:46:28,088 - __main__ - INFO - Captcha generated successfully
2024-12-31 01:46:31,622 - __main__ - INFO - Generating new captcha
2024-12-31 01:46:31,623 - __main__ - DEBUG - Generated captcha text: 26AA
2024-12-31 01:46:31,623 - __main__ - DEBUG - Stored captcha_id in session: e1413ff7-8e5b-4ac8-94cc-db1b0590ca89
2024-12-31 01:46:31,628 - __main__ - INFO - Captcha generated successfully
2024-12-31 01:46:32,482 - __main__ - INFO - Generating new captcha
2024-12-31 01:46:32,483 - __main__ - DEBUG - Generated captcha text: 6VR4
2024-12-31 01:46:32,483 - __main__ - DEBUG - Stored captcha_id in session: b01da1b3-37d1-4dfb-aa6c-559ad7cec410
2024-12-31 01:46:32,486 - __main__ - INFO - Captcha generated successfully
2024-12-31 01:46:33,232 - __main__ - INFO - Generating new captcha
2024-12-31 01:46:33,232 - __main__ - DEBUG - Generated captcha text: 1P31
2024-12-31 01:46:33,232 - __main__ - DEBUG - Stored captcha_id in session: b4a6cd0a-a942-4a01-8ec4-cf8b4cb34f81
2024-12-31 01:46:33,236 - __main__ - INFO - Captcha generated successfully
2024-12-31 01:46:37,996 - __main__ - INFO - Generating new captcha
2024-12-31 01:46:37,996 - __main__ - DEBUG - Generated captcha text: 5XBQ
2024-12-31 01:46:37,996 - __main__ - DEBUG - Stored captcha_id in session: da91f11d-2989-49be-befd-713acfe0956f
2024-12-31 01:46:37,999 - __main__ - INFO - Captcha generated successfully
2024-12-31 01:46:38,598 - __main__ - INFO - Generating new captcha
2024-12-31 01:46:38,599 - __main__ - DEBUG - Generated captcha text: NYAN
2024-12-31 01:46:38,599 - __main__ - DEBUG - Stored captcha_id in session: 0595c54d-760d-4aa0-9675-990b1432f3de
2024-12-31 01:46:38,602 - __main__ - INFO - Captcha generated successfully
2024-12-31 01:46:39,410 - __main__ - INFO - Generating new captcha
2024-12-31 01:46:39,411 - __main__ - DEBUG - Generated captcha text: Q01Q
2024-12-31 01:46:39,411 - __main__ - DEBUG - Stored captcha_id in session: d02c5aea-c0f6-48ca-81a8-a8e57a651edc
2024-12-31 01:46:39,415 - __main__ - INFO - Captcha generated successfully
2024-12-31 01:46:39,874 - __main__ - INFO - Generating new captcha
2024-12-31 01:46:39,875 - __main__ - DEBUG - Generated captcha text: QPDO
2024-12-31 01:46:39,875 - __main__ - DEBUG - Stored captcha_id in session: fa568440-c5d0-47fd-a252-930fee7456d8
2024-12-31 01:46:39,879 - __main__ - INFO - Captcha generated successfully
2024-12-31 01:46:40,409 - __main__ - INFO - Generating new captcha
2024-12-31 01:46:40,409 - __main__ - DEBUG - Generated captcha text: KDAY
2024-12-31 01:46:40,410 - __main__ - DEBUG - Stored captcha_id in session: fe2fed79-e5f8-42aa-8e1b-d37a8215a4b6
2024-12-31 01:46:40,413 - __main__ - INFO - Captcha generated successfully
2024-12-31 01:46:42,292 - __main__ - INFO - Generating new captcha
2024-12-31 01:46:42,292 - __main__ - DEBUG - Generated captcha text: 4DTX
2024-12-31 01:46:42,292 - __main__ - DEBUG - Stored captcha_id in session: 1bf94ba7-8c19-4f14-a6c9-c7a92bf4b1e4
2024-12-31 01:46:42,296 - __main__ - INFO - Captcha generated successfully
2024-12-31 01:46:42,869 - __main__ - INFO - Generating new captcha
2024-12-31 01:46:42,870 - __main__ - DEBUG - Generated captcha text: RA98
2024-12-31 01:46:42,871 - __main__ - DEBUG - Stored captcha_id in session: c588d08a-1509-44c0-942d-77ddeec2d883
2024-12-31 01:46:42,876 - __main__ - INFO - Captcha generated successfully
2024-12-31 01:46:43,520 - __main__ - INFO - Generating new captcha
2024-12-31 01:46:43,520 - __main__ - DEBUG - Generated captcha text: JCAR
2024-12-31 01:46:43,520 - __main__ - DEBUG - Stored captcha_id in session: 01c27837-f395-4da2-8202-61149e64c110
2024-12-31 01:46:43,523 - __main__ - INFO - Captcha generated successfully
2024-12-31 01:46:45,345 - __main__ - INFO - Generating new captcha
2024-12-31 01:46:45,346 - __main__ - DEBUG - Generated captcha text: YEYP
2024-12-31 01:46:45,346 - __main__ - DEBUG - Stored captcha_id in session: 56291afe-48a6-4567-b5e8-e13a42281ec2
2024-12-31 01:46:45,349 - __main__ - INFO - Captcha generated successfully
2024-12-31 01:46:59,415 - __main__ - ERROR - Login failed: 'SecureCookieSession' object has no attribute 'id'
2024-12-31 01:47:01,276 - __main__ - INFO - Generating new captcha
2024-12-31 01:47:01,277 - __main__ - DEBUG - Generated captcha text: HWUI
2024-12-31 01:47:01,277 - __main__ - DEBUG - Stored captcha_id in session: 9299fcd9-587c-4a8f-9817-1217090f8be9
2024-12-31 01:47:01,280 - __main__ - INFO - Captcha generated successfully
