2024-12-31 01:39:23,396 - __main__ - INFO - Application starting...
2024-12-31 01:39:23,399 - __main__ - INFO - Redis connection successful
2024-12-31 01:39:23,401 - __main__ - INFO - Starting Flask application...
2024-12-31 01:39:23,741 - __main__ - INFO - Application starting...
2024-12-31 01:39:23,744 - __main__ - INFO - Redis connection successful
2024-12-31 01:39:23,746 - __main__ - INFO - Starting Flask application...
2024-12-31 01:39:27,589 - __main__ - INFO - Generating new captcha
2024-12-31 01:39:27,589 - __main__ - DEBUG - Generated captcha text: UJK0
2024-12-31 01:39:27,589 - __main__ - DEBUG - Stored captcha_id in session: 53566c2e-fd5c-4eb4-b317-b0f2168f294b
2024-12-31 01:39:27,590 - __main__ - ERROR - Captcha generation failed: 'ImageDraw' object has no attribute 'textsize'
2024-12-31 01:39:27,592 - __main__ - ERROR - Traceback (most recent call last):
  File "D:\cursortest\test1\app.py", line 95, in get_captcha
    image = image_captcha.generate(captcha_text)
            ^^^^^^^^^^^^^^^^^^^^^^^^^^^^^^^^^^^^
  File "C:\Python312\Lib\site-packages\captcha\image.py", line 45, in generate
    im = self.generate_image(chars)
         ^^^^^^^^^^^^^^^^^^^^^^^^^^
  File "C:\Python312\Lib\site-packages\captcha\image.py", line 228, in generate_image
    im = self.create_captcha_image(chars, color, background)
         ^^^^^^^^^^^^^^^^^^^^^^^^^^^^^^^^^^^^^^^^^^^^^^^^^^^
  File "C:\Python312\Lib\site-packages\captcha\image.py", line 199, in create_captcha_image
    images.append(_draw_character(c))
                  ^^^^^^^^^^^^^^^^^^
  File "C:\Python312\Lib\site-packages\captcha\image.py", line 165, in _draw_character
    w, h = draw.textsize(c, font=font)
           ^^^^^^^^^^^^^
AttributeError: 'ImageDraw' object has no attribute 'textsize'

2024-12-31 01:39:29,157 - __main__ - INFO - Rendering login page
2024-12-31 01:39:29,185 - __main__ - INFO - Generating new captcha
2024-12-31 01:39:29,185 - __main__ - DEBUG - Generated captcha text: 89QB
2024-12-31 01:39:29,186 - __main__ - DEBUG - Stored captcha_id in session: 44d3541f-aa6d-4a92-bdeb-8989333b4842
2024-12-31 01:39:29,186 - __main__ - ERROR - Captcha generation failed: 'ImageDraw' object has no attribute 'textsize'
2024-12-31 01:39:29,189 - __main__ - ERROR - Traceback (most recent call last):
  File "D:\cursortest\test1\app.py", line 95, in get_captcha
    image = image_captcha.generate(captcha_text)
            ^^^^^^^^^^^^^^^^^^^^^^^^^^^^^^^^^^^^
  File "C:\Python312\Lib\site-packages\captcha\image.py", line 45, in generate
    im = self.generate_image(chars)
         ^^^^^^^^^^^^^^^^^^^^^^^^^^
  File "C:\Python312\Lib\site-packages\captcha\image.py", line 228, in generate_image
    im = self.create_captcha_image(chars, color, background)
         ^^^^^^^^^^^^^^^^^^^^^^^^^^^^^^^^^^^^^^^^^^^^^^^^^^^
  File "C:\Python312\Lib\site-packages\captcha\image.py", line 198, in create_captcha_image
    images.append(_draw_character(" "))
                  ^^^^^^^^^^^^^^^^^^^^
  File "C:\Python312\Lib\site-packages\captcha\image.py", line 165, in _draw_character
    w, h = draw.textsize(c, font=font)
           ^^^^^^^^^^^^^
AttributeError: 'ImageDraw' object has no attribute 'textsize'

2024-12-31 01:39:30,382 - __main__ - INFO - Generating new captcha
2024-12-31 01:39:30,383 - __main__ - DEBUG - Generated captcha text: 36JS
2024-12-31 01:39:30,383 - __main__ - DEBUG - Stored captcha_id in session: b732db5e-16ad-47c4-97cf-f7319e1e4103
2024-12-31 01:39:30,383 - __main__ - ERROR - Captcha generation failed: 'ImageDraw' object has no attribute 'textsize'
2024-12-31 01:39:30,384 - __main__ - ERROR - Traceback (most recent call last):
  File "D:\cursortest\test1\app.py", line 95, in get_captcha
    image = image_captcha.generate(captcha_text)
            ^^^^^^^^^^^^^^^^^^^^^^^^^^^^^^^^^^^^
  File "C:\Python312\Lib\site-packages\captcha\image.py", line 45, in generate
    im = self.generate_image(chars)
         ^^^^^^^^^^^^^^^^^^^^^^^^^^
  File "C:\Python312\Lib\site-packages\captcha\image.py", line 228, in generate_image
    im = self.create_captcha_image(chars, color, background)
         ^^^^^^^^^^^^^^^^^^^^^^^^^^^^^^^^^^^^^^^^^^^^^^^^^^^
  File "C:\Python312\Lib\site-packages\captcha\image.py", line 198, in create_captcha_image
    images.append(_draw_character(" "))
                  ^^^^^^^^^^^^^^^^^^^^
  File "C:\Python312\Lib\site-packages\captcha\image.py", line 165, in _draw_character
    w, h = draw.textsize(c, font=font)
           ^^^^^^^^^^^^^
AttributeError: 'ImageDraw' object has no attribute 'textsize'

