2024-12-31 10:04:32,755 - __main__ - INFO - Application starting...
2024-12-31 10:04:32,760 - __main__ - INFO - Redis connection successful
2024-12-31 10:04:32,802 - __main__ - INFO - Starting Flask application...
2024-12-31 10:04:34,757 - __main__ - INFO - Checking QR code status: 5cab6f93-4dd0-4944-9ae8-fe8f113f90c8
2024-12-31 10:04:36,287 - __main__ - INFO - Checking QR code status: 5cab6f93-4dd0-4944-9ae8-fe8f113f90c8
2024-12-31 10:04:37,376 - __main__ - INFO - Generating new captcha
2024-12-31 10:04:37,377 - __main__ - DEBUG - Generated captcha text: 0179
2024-12-31 10:04:37,377 - __main__ - DEBUG - Stored captcha_id in session: b39939e6-a40b-445e-911e-e67160bf31bf
2024-12-31 10:04:37,392 - __main__ - INFO - Captcha generated successfully
2024-12-31 10:04:38,292 - __main__ - INFO - Checking QR code status: 5cab6f93-4dd0-4944-9ae8-fe8f113f90c8
2024-12-31 10:04:40,303 - __main__ - INFO - Checking QR code status: 5cab6f93-4dd0-4944-9ae8-fe8f113f90c8
2024-12-31 10:04:42,891 - __main__ - INFO - Checking QR code status: 5cab6f93-4dd0-4944-9ae8-fe8f113f90c8
2024-12-31 10:04:44,893 - __main__ - INFO - Checking QR code status: 5cab6f93-4dd0-4944-9ae8-fe8f113f90c8
2024-12-31 10:04:46,880 - __main__ - INFO - Checking QR code status: 5cab6f93-4dd0-4944-9ae8-fe8f113f90c8
2024-12-31 10:04:48,893 - __main__ - INFO - Checking QR code status: 5cab6f93-4dd0-4944-9ae8-fe8f113f90c8
2024-12-31 10:04:50,881 - __main__ - INFO - Checking QR code status: 5cab6f93-4dd0-4944-9ae8-fe8f113f90c8
2024-12-31 10:04:52,883 - __main__ - INFO - Checking QR code status: 5cab6f93-4dd0-4944-9ae8-fe8f113f90c8
2024-12-31 10:04:54,890 - __main__ - INFO - Checking QR code status: 5cab6f93-4dd0-4944-9ae8-fe8f113f90c8
2024-12-31 10:04:56,886 - __main__ - INFO - Checking QR code status: 5cab6f93-4dd0-4944-9ae8-fe8f113f90c8
2024-12-31 10:04:58,893 - __main__ - INFO - Checking QR code status: 5cab6f93-4dd0-4944-9ae8-fe8f113f90c8
2024-12-31 10:05:00,898 - __main__ - INFO - Checking QR code status: 5cab6f93-4dd0-4944-9ae8-fe8f113f90c8
2024-12-31 10:05:02,893 - __main__ - INFO - Checking QR code status: 5cab6f93-4dd0-4944-9ae8-fe8f113f90c8
2024-12-31 10:05:04,880 - __main__ - INFO - Checking QR code status: 5cab6f93-4dd0-4944-9ae8-fe8f113f90c8
2024-12-31 10:05:06,892 - __main__ - INFO - Checking QR code status: 5cab6f93-4dd0-4944-9ae8-fe8f113f90c8
2024-12-31 10:05:08,897 - __main__ - INFO - Checking QR code status: 5cab6f93-4dd0-4944-9ae8-fe8f113f90c8
2024-12-31 10:05:10,893 - __main__ - INFO - Checking QR code status: 5cab6f93-4dd0-4944-9ae8-fe8f113f90c8
2024-12-31 10:05:12,892 - __main__ - INFO - Checking QR code status: 5cab6f93-4dd0-4944-9ae8-fe8f113f90c8
2024-12-31 10:05:14,895 - __main__ - INFO - Checking QR code status: 5cab6f93-4dd0-4944-9ae8-fe8f113f90c8
2024-12-31 10:05:16,884 - __main__ - INFO - Checking QR code status: 5cab6f93-4dd0-4944-9ae8-fe8f113f90c8
2024-12-31 10:05:18,892 - __main__ - INFO - Checking QR code status: 5cab6f93-4dd0-4944-9ae8-fe8f113f90c8
2024-12-31 10:05:20,895 - __main__ - INFO - Checking QR code status: 5cab6f93-4dd0-4944-9ae8-fe8f113f90c8
2024-12-31 10:05:22,890 - __main__ - INFO - Checking QR code status: 5cab6f93-4dd0-4944-9ae8-fe8f113f90c8
2024-12-31 10:05:24,879 - __main__ - INFO - Checking QR code status: 5cab6f93-4dd0-4944-9ae8-fe8f113f90c8
2024-12-31 10:05:26,887 - __main__ - INFO - Checking QR code status: 5cab6f93-4dd0-4944-9ae8-fe8f113f90c8
2024-12-31 10:05:28,894 - __main__ - INFO - Checking QR code status: 5cab6f93-4dd0-4944-9ae8-fe8f113f90c8
2024-12-31 10:05:30,886 - __main__ - INFO - Checking QR code status: 5cab6f93-4dd0-4944-9ae8-fe8f113f90c8
2024-12-31 10:05:32,880 - __main__ - INFO - Checking QR code status: 5cab6f93-4dd0-4944-9ae8-fe8f113f90c8
2024-12-31 10:05:34,889 - __main__ - INFO - Checking QR code status: 5cab6f93-4dd0-4944-9ae8-fe8f113f90c8
2024-12-31 10:05:36,881 - __main__ - INFO - Checking QR code status: 5cab6f93-4dd0-4944-9ae8-fe8f113f90c8
2024-12-31 10:05:38,885 - __main__ - INFO - Checking QR code status: 5cab6f93-4dd0-4944-9ae8-fe8f113f90c8
2024-12-31 10:05:40,882 - __main__ - INFO - Checking QR code status: 5cab6f93-4dd0-4944-9ae8-fe8f113f90c8
2024-12-31 10:05:56,895 - __main__ - INFO - Checking QR code status: 5cab6f93-4dd0-4944-9ae8-fe8f113f90c8
