2024-12-31 19:35:11,773 - __main__ - INFO - Application starting...
2024-12-31 19:35:11,777 - __main__ - INFO - Redis connection successful
2024-12-31 19:35:11,843 - __main__ - INFO - Starting Flask application...
2024-12-31 19:35:21,657 - __main__ - INFO - Rendering login page
2024-12-31 19:36:58,989 - __main__ - WARNING - 404 error: http://127.0.0.1:5000/static/images/qr-code.png
2024-12-31 19:37:03,160 - __main__ - WARNING - 404 error: http://127.0.0.1:5000/static/images/qr-code.png
2024-12-31 19:37:33,279 - __main__ - WARNING - 404 error: http://127.0.0.1:5000/static/images/qr-code.png
2024-12-31 19:37:47,676 - __main__ - INFO - Generating QR code
2024-12-31 19:37:47,700 - __main__ - INFO - QR code generated successfully
2024-12-31 19:37:49,729 - __main__ - INFO - Checking QR code status: b080915c-7f10-4033-a2c5-7847a079471b
2024-12-31 19:37:51,720 - __main__ - INFO - Checking QR code status: b080915c-7f10-4033-a2c5-7847a079471b
2024-12-31 19:37:53,712 - __main__ - INFO - Checking QR code status: b080915c-7f10-4033-a2c5-7847a079471b
2024-12-31 19:37:55,714 - __main__ - INFO - Checking QR code status: b080915c-7f10-4033-a2c5-7847a079471b
2024-12-31 19:37:57,709 - __main__ - INFO - Checking QR code status: b080915c-7f10-4033-a2c5-7847a079471b
2024-12-31 19:37:59,722 - __main__ - INFO - Checking QR code status: b080915c-7f10-4033-a2c5-7847a079471b
2024-12-31 19:38:01,714 - __main__ - INFO - Checking QR code status: b080915c-7f10-4033-a2c5-7847a079471b
2024-12-31 19:38:03,715 - __main__ - INFO - Checking QR code status: b080915c-7f10-4033-a2c5-7847a079471b
2024-12-31 19:38:05,722 - __main__ - INFO - Checking QR code status: b080915c-7f10-4033-a2c5-7847a079471b
2024-12-31 19:38:07,723 - __main__ - INFO - Checking QR code status: b080915c-7f10-4033-a2c5-7847a079471b
2024-12-31 19:38:09,726 - __main__ - INFO - Checking QR code status: b080915c-7f10-4033-a2c5-7847a079471b
2024-12-31 19:38:11,727 - __main__ - INFO - Checking QR code status: b080915c-7f10-4033-a2c5-7847a079471b
2024-12-31 19:38:13,729 - __main__ - INFO - Checking QR code status: b080915c-7f10-4033-a2c5-7847a079471b
2024-12-31 19:38:15,716 - __main__ - INFO - Checking QR code status: b080915c-7f10-4033-a2c5-7847a079471b
2024-12-31 19:38:17,720 - __main__ - INFO - Checking QR code status: b080915c-7f10-4033-a2c5-7847a079471b
2024-12-31 19:38:19,723 - __main__ - INFO - Checking QR code status: b080915c-7f10-4033-a2c5-7847a079471b
2024-12-31 19:38:21,714 - __main__ - INFO - Checking QR code status: b080915c-7f10-4033-a2c5-7847a079471b
2024-12-31 19:38:23,716 - __main__ - INFO - Checking QR code status: b080915c-7f10-4033-a2c5-7847a079471b
2024-12-31 19:38:25,725 - __main__ - INFO - Checking QR code status: b080915c-7f10-4033-a2c5-7847a079471b
2024-12-31 19:38:27,728 - __main__ - INFO - Checking QR code status: b080915c-7f10-4033-a2c5-7847a079471b
2024-12-31 19:38:29,726 - __main__ - INFO - Checking QR code status: b080915c-7f10-4033-a2c5-7847a079471b
2024-12-31 19:38:31,716 - __main__ - INFO - Checking QR code status: b080915c-7f10-4033-a2c5-7847a079471b
2024-12-31 19:38:33,711 - __main__ - INFO - Checking QR code status: b080915c-7f10-4033-a2c5-7847a079471b
2024-12-31 19:38:35,719 - __main__ - INFO - Checking QR code status: b080915c-7f10-4033-a2c5-7847a079471b
2024-12-31 19:38:37,709 - __main__ - INFO - Checking QR code status: b080915c-7f10-4033-a2c5-7847a079471b
2024-12-31 19:38:39,713 - __main__ - INFO - Checking QR code status: b080915c-7f10-4033-a2c5-7847a079471b
2024-12-31 19:38:41,709 - __main__ - INFO - Checking QR code status: b080915c-7f10-4033-a2c5-7847a079471b
2024-12-31 19:38:43,887 - __main__ - INFO - Checking QR code status: b080915c-7f10-4033-a2c5-7847a079471b
2024-12-31 19:38:45,896 - __main__ - INFO - Checking QR code status: b080915c-7f10-4033-a2c5-7847a079471b
2024-12-31 19:38:47,892 - __main__ - INFO - Checking QR code status: b080915c-7f10-4033-a2c5-7847a079471b
